[0.024s] Invoking command in '/home/ros2_ws/build/robot_description': CMAKE_PREFIX_PATH=${CMAKE_PREFIX_PATH}:/opt/ros/humble /usr/bin/cmake --build /home/ros2_ws/build/robot_description -- -j8 -l8
[0.284s] Invoked command in '/home/ros2_ws/build/robot_description' returned '0': CMAKE_PREFIX_PATH=${CMAKE_PREFIX_PATH}:/opt/ros/humble /usr/bin/cmake --build /home/ros2_ws/build/robot_description -- -j8 -l8
[0.308s] Invoking command in '/home/ros2_ws/build/robot_description': CMAKE_PREFIX_PATH=${CMAKE_PREFIX_PATH}:/opt/ros/humble /usr/bin/cmake --install /home/ros2_ws/build/robot_description
[0.315s] -- Install configuration: ""
[0.317s] -- Up-to-date: /home/ros2_ws/install/robot_description/share/robot_description/launch
[0.317s] -- Up-to-date: /home/ros2_ws/install/robot_description/share/robot_description/launch/display.launch.py
[0.317s] -- Up-to-date: /home/ros2_ws/install/robot_description/share/robot_description/urdf
[0.317s] -- Installing: /home/ros2_ws/install/robot_description/share/robot_description/urdf/robot_description.xacro
[0.317s] -- Up-to-date: /home/ros2_ws/install/robot_description/share/robot_description/urdf/robot_description.urdf
[0.317s] -- Up-to-date: /home/ros2_ws/install/robot_description/share/robot_description/config
[0.317s] -- Up-to-date: /home/ros2_ws/install/robot_description/share/robot_description/config/link2_inertia.yaml
[0.317s] -- Up-to-date: /home/ros2_ws/install/robot_description/share/robot_description/meshes
[0.318s] -- Up-to-date: /home/ros2_ws/install/robot_description/share/robot_description/meshes/Base.stl
[0.318s] -- Up-to-date: /home/ros2_ws/install/robot_description/share/robot_description/meshes/FusoDeRosca.stl
[0.318s] -- Up-to-date: /home/ros2_ws/install/robot_description/share/robot_description/meshes/Motor1.stl
[0.318s] -- Up-to-date: /home/ros2_ws/install/robot_description/share/robot_description/meshes/Estrutura2.stl
[0.318s] -- Up-to-date: /home/ros2_ws/install/robot_description/share/robot_description/meshes/Motor2.stl
[0.318s] -- Up-to-date: /home/ros2_ws/install/robot_description/share/robot_description/meshes/Bucha2.stl
[0.318s] -- Up-to-date: /home/ros2_ws/install/robot_description/share/robot_description/meshes/Estrutura3.stl
[0.318s] -- Up-to-date: /home/ros2_ws/install/robot_description/share/robot_description/meshes/Bucha1.stl
[0.318s] -- Up-to-date: /home/ros2_ws/install/robot_description/share/robot_description/meshes/TampaLinkP.stl
[0.318s] -- Up-to-date: /home/ros2_ws/install/robot_description/share/robot_description/meshes/Estrutura1.stl
[0.318s] -- Up-to-date: /home/ros2_ws/install/robot_description/share/robot_description/meshes/Engrenagem1.stl
[0.318s] -- Up-to-date: /home/ros2_ws/install/robot_description/share/robot_description/meshes/TampaLink2.stl
[0.318s] -- Up-to-date: /home/ros2_ws/install/robot_description/share/robot_description/meshes/Asm1.cfg
[0.318s] -- Up-to-date: /home/ros2_ws/install/robot_description/share/robot_description/meshes/Engrenagem2.stl
[0.318s] -- Up-to-date: /home/ros2_ws/install/robot_description/share/robot_description/rviz2
[0.318s] -- Installing: /home/ros2_ws/install/robot_description/share/robot_description/rviz2/display.rviz
[0.320s] -- Up-to-date: /home/ros2_ws/install/robot_description/share/ament_index/resource_index/package_run_dependencies/robot_description
[0.320s] -- Up-to-date: /home/ros2_ws/install/robot_description/share/ament_index/resource_index/parent_prefix_path/robot_description
[0.320s] -- Up-to-date: /home/ros2_ws/install/robot_description/share/robot_description/environment/ament_prefix_path.sh
[0.321s] -- Up-to-date: /home/ros2_ws/install/robot_description/share/robot_description/environment/ament_prefix_path.dsv
[0.321s] -- Up-to-date: /home/ros2_ws/install/robot_description/share/robot_description/environment/path.sh
[0.321s] -- Up-to-date: /home/ros2_ws/install/robot_description/share/robot_description/environment/path.dsv
[0.321s] -- Up-to-date: /home/ros2_ws/install/robot_description/share/robot_description/local_setup.bash
[0.321s] -- Up-to-date: /home/ros2_ws/install/robot_description/share/robot_description/local_setup.sh
[0.321s] -- Up-to-date: /home/ros2_ws/install/robot_description/share/robot_description/local_setup.zsh
[0.321s] -- Up-to-date: /home/ros2_ws/install/robot_description/share/robot_description/local_setup.dsv
[0.321s] -- Installing: /home/ros2_ws/install/robot_description/share/robot_description/package.dsv
[0.321s] -- Up-to-date: /home/ros2_ws/install/robot_description/share/ament_index/resource_index/packages/robot_description
[0.321s] -- Up-to-date: /home/ros2_ws/install/robot_description/share/robot_description/cmake/robot_descriptionConfig.cmake
[0.321s] -- Up-to-date: /home/ros2_ws/install/robot_description/share/robot_description/cmake/robot_descriptionConfig-version.cmake
[0.321s] -- Up-to-date: /home/ros2_ws/install/robot_description/share/robot_description/package.xml
[0.323s] Invoked command in '/home/ros2_ws/build/robot_description' returned '0': CMAKE_PREFIX_PATH=${CMAKE_PREFIX_PATH}:/opt/ros/humble /usr/bin/cmake --install /home/ros2_ws/build/robot_description
