1733330620.2236311 [INFO] [launch]: All log files can be found below /home/ros2_ws/.ros/log/2024-12-04-13-43-40-223055-sabrina-Inspiron-3501-307
1733330620.2237470 [INFO] [launch]: Default logging verbosity is set to INFO
1733330620.2945445 [INFO] [robot_state_publisher-1]: process started with pid [308]
1733330620.2947502 [INFO] [joint_state_publisher-2]: process started with pid [310]
1733330620.2948489 [INFO] [joint_state_publisher_gui-3]: process started with pid [312]
1733330620.2949293 [INFO] [rviz2-4]: process started with pid [314]
1733330620.5560522 [joint_state_publisher_gui-3] QStandardPaths: wrong permissions on runtime directory /tmp/runtime-ros2_ws, 0755 instead of 0700
1733330620.5564041 [joint_state_publisher_gui-3] QStandardPaths: wrong permissions on runtime directory /tmp/runtime-ros2_ws, 0755 instead of 0700
1733330620.5634460 [joint_state_publisher-2] [INFO] [1733330620.563197850] [joint_state_publisher]: Waiting for robot_description to be published on the robot_description topic...
1733330620.5976775 [joint_state_publisher_gui-3] [INFO] [1733330620.597454198] [joint_state_publisher_gui]: Waiting for robot_description to be published on the robot_description topic...
1733330620.6073768 [joint_state_publisher_gui-3] [INFO] [1733330620.607080469] [joint_state_publisher_gui]: Centering
1733330620.6402540 [joint_state_publisher_gui-3] MESA: error: Failed to query drm device.
1733330620.6404018 [joint_state_publisher_gui-3] libGL error: glx: failed to create dri3 screen
1733330620.6404696 [joint_state_publisher_gui-3] libGL error: failed to load driver: iris
1733330620.6679804 [joint_state_publisher_gui-3] [INFO] [1733330620.667719632] [joint_state_publisher_gui]: Centering
1733330639.6829913 [INFO] [rviz2-4]: process has finished cleanly [pid 314]
1733330642.3683972 [WARNING] [launch]: user interrupted with ctrl-c (SIGINT)
1733330642.3771932 [ERROR] [joint_state_publisher_gui-3]: process has died [pid 312, exit code -2, cmd '/opt/ros/humble/lib/joint_state_publisher_gui/joint_state_publisher_gui --ros-args -r __node:=joint_state_publisher_gui'].
1733330642.4803097 [INFO] [robot_state_publisher-1]: process has finished cleanly [pid 308]
1733330642.5326455 [INFO] [joint_state_publisher-2]: process has finished cleanly [pid 310]
