Dbg [parser.cc:574] Converting a deprecated source[/usr/share/gazebo-11/worlds/empty.world].
Dbg [Converter.cc:68] Version[1.5] to Version[1.7]
  Please use the gz sdf tool to update your SDF files.
    $ gz sdf -c [sdf_file]
Dbg [parser.cc:574] Converting a deprecated source[/usr/share/gazebo-11/models/sun/model.sdf].
Dbg [Converter.cc:68] Version[1.5] to Version[1.7]
  Please use the gz sdf tool to update your SDF files.
    $ gz sdf -c [sdf_file]
Dbg [parser.cc:574] Converting a deprecated source[/usr/share/gazebo-11/models/ground_plane/model.sdf].
Dbg [Converter.cc:68] Version[1.5] to Version[1.7]
  Please use the gz sdf tool to update your SDF files.
    $ gz sdf -c [sdf_file]
Dbg [parser_urdf.cc:1515] extension [<plugin filename="libgazebo_ros2_control.so" name="gazebo_ros2_control"><parameters>/home/ros2_ws/install/robot_description/share/robot_description/config/controllers.yaml</parameters></plugin>] not converted from URDF, probably already in SDF format.
Dbg [parser_urdf.cc:1515] extension [<self_collide>false</self_collide>] not converted from URDF, probably already in SDF format.
Dbg [parser_urdf.cc:1515] extension [<gravity>true</gravity>] not converted from URDF, probably already in SDF format.
Dbg [parser_urdf.cc:1515] extension [<self_collide>true</self_collide>] not converted from URDF, probably already in SDF format.
Dbg [parser_urdf.cc:1515] extension [<self_collide>true</self_collide>] not converted from URDF, probably already in SDF format.
Dbg [parser_urdf.cc:1515] extension [<self_collide>true</self_collide>] not converted from URDF, probably already in SDF format.
Dbg [parser_urdf.cc:1515] extension [<self_collide>true</self_collide>] not converted from URDF, probably already in SDF format.
Dbg [parser_urdf.cc:1515] extension [<self_collide>true</self_collide>] not converted from URDF, probably already in SDF format.
Dbg [parser_urdf.cc:1515] extension [<self_collide>true</self_collide>] not converted from URDF, probably already in SDF format.
Dbg [parser_urdf.cc:1515] extension [<sensor name="camera" type="camera"><pose>0 0 0 0 0 0</pose><visualize>true</visualize><update_rate>30</update_rate><camera><horizontal_fov>1.089</horizontal_fov><image><format>R8G8B8</format><width>640</width><height>480</height></image><clip><near>0.05</near><far>8.0</far></clip></camera><plugin filename="libgazebo_ros_camera.so" name="camera_controller"><frame_name>camera_link_optical</frame_name><alwaysOn>true</alwaysOn></plugin></sensor>] not converted from URDF, probably already in SDF format.
Dbg [parser_urdf.cc:422] Fixed Joint Reduction: extension lumping from [motor1.1] to [base]
Dbg [parser_urdf.cc:2477]   REDUCE EXTENSION: moving reference from [motor1.1] to [base]
Dbg [parser_urdf.cc:2543]   STRING REPLACE: instances of _link name [motor1.1] with [base]
Dbg [parser_urdf.cc:2551]         INITIAL STRING link [motor1.1]-->[base]: [<plugin filename="libgazebo_ros2_control.so" name="gazebo_ros2_control"><parameters>/home/ros2_ws/install/robot_description/share/robot_description/config/controllers.yaml</parameters></plugin>]
Dbg [parser_urdf.cc:2543]   STRING REPLACE: instances of _link name [motor1.1] with [base]
Dbg [parser_urdf.cc:2551]         INITIAL STRING link [motor1.1]-->[base]: [<self_collide>false</self_collide>]
Dbg [parser_urdf.cc:2551]         INITIAL STRING link [motor1.1]-->[base]: [<gravity>true</gravity>]
Dbg [parser_urdf.cc:2543]   STRING REPLACE: instances of _link name [motor1.1] with [base]
Dbg [parser_urdf.cc:2551]         INITIAL STRING link [motor1.1]-->[base]: [<self_collide>true</self_collide>]
Dbg [parser_urdf.cc:2543]   STRING REPLACE: instances of _link name [motor1.1] with [base]
Dbg [parser_urdf.cc:2551]         INITIAL STRING link [motor1.1]-->[base]: [<sensor name="camera" type="camera"><pose>0 0 0 0 0 0</pose><visualize>true</visualize><update_rate>30</update_rate><camera><horizontal_fov>1.089</horizontal_fov><image><format>R8G8B8</format><width>640</width><height>480</height></image><clip><near>0.05</near><far>8.0</far></clip></camera><plugin filename="libgazebo_ros_camera.so" name="camera_controller"><frame_name>camera_link_optical</frame_name><alwaysOn>true</alwaysOn></plugin></sensor>]
Dbg [parser_urdf.cc:2543]   STRING REPLACE: instances of _link name [motor1.1] with [base]
Dbg [parser_urdf.cc:2551]         INITIAL STRING link [motor1.1]-->[base]: [<self_collide>true</self_collide>]
Dbg [parser_urdf.cc:2543]   STRING REPLACE: instances of _link name [motor1.1] with [base]
Dbg [parser_urdf.cc:2551]         INITIAL STRING link [motor1.1]-->[base]: [<self_collide>true</self_collide>]
Dbg [parser_urdf.cc:2543]   STRING REPLACE: instances of _link name [motor1.1] with [base]
Dbg [parser_urdf.cc:2551]         INITIAL STRING link [motor1.1]-->[base]: [<self_collide>true</self_collide>]
Dbg [parser_urdf.cc:2543]   STRING REPLACE: instances of _link name [motor1.1] with [base]
Dbg [parser_urdf.cc:2551]         INITIAL STRING link [motor1.1]-->[base]: [<self_collide>true</self_collide>]
Dbg [parser_urdf.cc:2543]   STRING REPLACE: instances of _link name [motor1.1] with [base]
Dbg [parser_urdf.cc:2551]         INITIAL STRING link [motor1.1]-->[base]: [<self_collide>true</self_collide>]
Dbg [parser_urdf.cc:948] lumping visual [] for link [motor1.1] to parent [base] with name [motor1.1]
Dbg [parser_urdf.cc:422] Fixed Joint Reduction: extension lumping from [engrenagem2] to [base]
Dbg [parser_urdf.cc:2543]   STRING REPLACE: instances of _link name [engrenagem2] with [base]
Dbg [parser_urdf.cc:2551]         INITIAL STRING link [engrenagem2]-->[base]: [<plugin filename="libgazebo_ros2_control.so" name="gazebo_ros2_control"><parameters>/home/ros2_ws/install/robot_description/share/robot_description/config/controllers.yaml</parameters></plugin>]
Dbg [parser_urdf.cc:2543]   STRING REPLACE: instances of _link name [engrenagem2] with [base]
Dbg [parser_urdf.cc:2551]         INITIAL STRING link [engrenagem2]-->[base]: [<self_collide>false</self_collide>]
Dbg [parser_urdf.cc:2551]         INITIAL STRING link [engrenagem2]-->[base]: [<gravity>true</gravity>]
Dbg [parser_urdf.cc:2543]   STRING REPLACE: instances of _link name [engrenagem2] with [base]
Dbg [parser_urdf.cc:2551]         INITIAL STRING link [engrenagem2]-->[base]: [<self_collide>true</self_collide>]
Dbg [parser_urdf.cc:2543]   STRING REPLACE: instances of _link name [engrenagem2] with [base]
Dbg [parser_urdf.cc:2551]         INITIAL STRING link [engrenagem2]-->[base]: [<sensor name="camera" type="camera"><pose>0 0 0 0 0 0</pose><visualize>true</visualize><update_rate>30</update_rate><camera><horizontal_fov>1.089</horizontal_fov><image><format>R8G8B8</format><width>640</width><height>480</height></image><clip><near>0.05</near><far>8.0</far></clip></camera><plugin filename="libgazebo_ros_camera.so" name="camera_controller"><frame_name>camera_link_optical</frame_name><alwaysOn>true</alwaysOn></plugin></sensor>]
Dbg [parser_urdf.cc:2543]   STRING REPLACE: instances of _link name [engrenagem2] with [base]
Dbg [parser_urdf.cc:2551]         INITIAL STRING link [engrenagem2]-->[base]: [<self_collide>true</self_collide>]
Dbg [parser_urdf.cc:2543]   STRING REPLACE: instances of _link name [engrenagem2] with [base]
Dbg [parser_urdf.cc:2551]         INITIAL STRING link [engrenagem2]-->[base]: [<self_collide>true</self_collide>]
Dbg [parser_urdf.cc:2543]   STRING REPLACE: instances of _link name [engrenagem2] with [base]
Dbg [parser_urdf.cc:2551]         INITIAL STRING link [engrenagem2]-->[base]: [<self_collide>true</self_collide>]
Dbg [parser_urdf.cc:2543]   STRING REPLACE: instances of _link name [engrenagem2] with [base]
Dbg [parser_urdf.cc:2551]         INITIAL STRING link [engrenagem2]-->[base]: [<self_collide>true</self_collide>]
Dbg [parser_urdf.cc:2543]   STRING REPLACE: instances of _link name [engrenagem2] with [base]
Dbg [parser_urdf.cc:2551]         INITIAL STRING link [engrenagem2]-->[base]: [<self_collide>true</self_collide>]
Dbg [parser_urdf.cc:948] lumping visual [] for link [engrenagem2] to parent [base] with name [engrenagem2]
Dbg [parser_urdf.cc:422] Fixed Joint Reduction: extension lumping from [engrenagem1.1] to [base]
Dbg [parser_urdf.cc:2543]   STRING REPLACE: instances of _link name [engrenagem1.1] with [base]
Dbg [parser_urdf.cc:2551]         INITIAL STRING link [engrenagem1.1]-->[base]: [<plugin filename="libgazebo_ros2_control.so" name="gazebo_ros2_control"><parameters>/home/ros2_ws/install/robot_description/share/robot_description/config/controllers.yaml</parameters></plugin>]
Dbg [parser_urdf.cc:2543]   STRING REPLACE: instances of _link name [engrenagem1.1] with [base]
Dbg [parser_urdf.cc:2551]         INITIAL STRING link [engrenagem1.1]-->[base]: [<self_collide>false</self_collide>]
Dbg [parser_urdf.cc:2551]         INITIAL STRING link [engrenagem1.1]-->[base]: [<gravity>true</gravity>]
Dbg [parser_urdf.cc:2543]   STRING REPLACE: instances of _link name [engrenagem1.1] with [base]
Dbg [parser_urdf.cc:2551]         INITIAL STRING link [engrenagem1.1]-->[base]: [<self_collide>true</self_collide>]
Dbg [parser_urdf.cc:2543]   STRING REPLACE: instances of _link name [engrenagem1.1] with [base]
Dbg [parser_urdf.cc:2551]         INITIAL STRING link [engrenagem1.1]-->[base]: [<sensor name="camera" type="camera"><pose>0 0 0 0 0 0</pose><visualize>true</visualize><update_rate>30</update_rate><camera><horizontal_fov>1.089</horizontal_fov><image><format>R8G8B8</format><width>640</width><height>480</height></image><clip><near>0.05</near><far>8.0</far></clip></camera><plugin filename="libgazebo_ros_camera.so" name="camera_controller"><frame_name>camera_link_optical</frame_name><alwaysOn>true</alwaysOn></plugin></sensor>]
Dbg [parser_urdf.cc:2543]   STRING REPLACE: instances of _link name [engrenagem1.1] with [base]
Dbg [parser_urdf.cc:2551]         INITIAL STRING link [engrenagem1.1]-->[base]: [<self_collide>true</self_collide>]
Dbg [parser_urdf.cc:2543]   STRING REPLACE: instances of _link name [engrenagem1.1] with [base]
Dbg [parser_urdf.cc:2551]         INITIAL STRING link [engrenagem1.1]-->[base]: [<self_collide>true</self_collide>]
Dbg [parser_urdf.cc:2543]   STRING REPLACE: instances of _link name [engrenagem1.1] with [base]
Dbg [parser_urdf.cc:2551]         INITIAL STRING link [engrenagem1.1]-->[base]: [<self_collide>true</self_collide>]
Dbg [parser_urdf.cc:2543]   STRING REPLACE: instances of _link name [engrenagem1.1] with [base]
Dbg [parser_urdf.cc:2551]         INITIAL STRING link [engrenagem1.1]-->[base]: [<self_collide>true</self_collide>]
Dbg [parser_urdf.cc:2543]   STRING REPLACE: instances of _link name [engrenagem1.1] with [base]
Dbg [parser_urdf.cc:2551]         INITIAL STRING link [engrenagem1.1]-->[base]: [<self_collide>true</self_collide>]
Dbg [parser_urdf.cc:948] lumping visual [] for link [engrenagem1.1] to parent [base] with name [engrenagem1.1]
Dbg [parser_urdf.cc:422] Fixed Joint Reduction: extension lumping from [engrenagem1.2] to [base]
Dbg [parser_urdf.cc:2543]   STRING REPLACE: instances of _link name [engrenagem1.2] with [base]
Dbg [parser_urdf.cc:2551]         INITIAL STRING link [engrenagem1.2]-->[base]: [<plugin filename="libgazebo_ros2_control.so" name="gazebo_ros2_control"><parameters>/home/ros2_ws/install/robot_description/share/robot_description/config/controllers.yaml</parameters></plugin>]
Dbg [parser_urdf.cc:2543]   STRING REPLACE: instances of _link name [engrenagem1.2] with [base]
Dbg [parser_urdf.cc:2551]         INITIAL STRING link [engrenagem1.2]-->[base]: [<self_collide>false</self_collide>]
Dbg [parser_urdf.cc:2551]         INITIAL STRING link [engrenagem1.2]-->[base]: [<gravity>true</gravity>]
Dbg [parser_urdf.cc:2543]   STRING REPLACE: instances of _link name [engrenagem1.2] with [base]
Dbg [parser_urdf.cc:2551]         INITIAL STRING link [engrenagem1.2]-->[base]: [<self_collide>true</self_collide>]
Dbg [parser_urdf.cc:2543]   STRING REPLACE: instances of _link name [engrenagem1.2] with [base]
Dbg [parser_urdf.cc:2551]         INITIAL STRING link [engrenagem1.2]-->[base]: [<sensor name="camera" type="camera"><pose>0 0 0 0 0 0</pose><visualize>true</visualize><update_rate>30</update_rate><camera><horizontal_fov>1.089</horizontal_fov><image><format>R8G8B8</format><width>640</width><height>480</height></image><clip><near>0.05</near><far>8.0</far></clip></camera><plugin filename="libgazebo_ros_camera.so" name="camera_controller"><frame_name>camera_link_optical</frame_name><alwaysOn>true</alwaysOn></plugin></sensor>]
Dbg [parser_urdf.cc:2543]   STRING REPLACE: instances of _link name [engrenagem1.2] with [base]
Dbg [parser_urdf.cc:2551]         INITIAL STRING link [engrenagem1.2]-->[base]: [<self_collide>true</self_collide>]
Dbg [parser_urdf.cc:2543]   STRING REPLACE: instances of _link name [engrenagem1.2] with [base]
Dbg [parser_urdf.cc:2551]         INITIAL STRING link [engrenagem1.2]-->[base]: [<self_collide>true</self_collide>]
Dbg [parser_urdf.cc:2543]   STRING REPLACE: instances of _link name [engrenagem1.2] with [base]
Dbg [parser_urdf.cc:2551]         INITIAL STRING link [engrenagem1.2]-->[base]: [<self_collide>true</self_collide>]
Dbg [parser_urdf.cc:2543]   STRING REPLACE: instances of _link name [engrenagem1.2] with [base]
Dbg [parser_urdf.cc:2551]         INITIAL STRING link [engrenagem1.2]-->[base]: [<self_collide>true</self_collide>]
Dbg [parser_urdf.cc:2543]   STRING REPLACE: instances of _link name [engrenagem1.2] with [base]
Dbg [parser_urdf.cc:2551]         INITIAL STRING link [engrenagem1.2]-->[base]: [<self_collide>true</self_collide>]
Dbg [parser_urdf.cc:948] lumping visual [] for link [engrenagem1.2] to parent [base] with name [engrenagem1.2]
Dbg [parser_urdf.cc:422] Fixed Joint Reduction: extension lumping from [engrenagem1.3] to [base]
Dbg [parser_urdf.cc:2543]   STRING REPLACE: instances of _link name [engrenagem1.3] with [base]
Dbg [parser_urdf.cc:2551]         INITIAL STRING link [engrenagem1.3]-->[base]: [<plugin filename="libgazebo_ros2_control.so" name="gazebo_ros2_control"><parameters>/home/ros2_ws/install/robot_description/share/robot_description/config/controllers.yaml</parameters></plugin>]
Dbg [parser_urdf.cc:2543]   STRING REPLACE: instances of _link name [engrenagem1.3] with [base]
Dbg [parser_urdf.cc:2551]         INITIAL STRING link [engrenagem1.3]-->[base]: [<self_collide>false</self_collide>]
Dbg [parser_urdf.cc:2551]         INITIAL STRING link [engrenagem1.3]-->[base]: [<gravity>true</gravity>]
Dbg [parser_urdf.cc:2543]   STRING REPLACE: instances of _link name [engrenagem1.3] with [base]
Dbg [parser_urdf.cc:2551]         INITIAL STRING link [engrenagem1.3]-->[base]: [<self_collide>true</self_collide>]
Dbg [parser_urdf.cc:2543]   STRING REPLACE: instances of _link name [engrenagem1.3] with [base]
Dbg [parser_urdf.cc:2551]         INITIAL STRING link [engrenagem1.3]-->[base]: [<sensor name="camera" type="camera"><pose>0 0 0 0 0 0</pose><visualize>true</visualize><update_rate>30</update_rate><camera><horizontal_fov>1.089</horizontal_fov><image><format>R8G8B8</format><width>640</width><height>480</height></image><clip><near>0.05</near><far>8.0</far></clip></camera><plugin filename="libgazebo_ros_camera.so" name="camera_controller"><frame_name>camera_link_optical</frame_name><alwaysOn>true</alwaysOn></plugin></sensor>]
Dbg [parser_urdf.cc:2543]   STRING REPLACE: instances of _link name [engrenagem1.3] with [base]
Dbg [parser_urdf.cc:2551]         INITIAL STRING link [engrenagem1.3]-->[base]: [<self_collide>true</self_collide>]
Dbg [parser_urdf.cc:2543]   STRING REPLACE: instances of _link name [engrenagem1.3] with [base]
Dbg [parser_urdf.cc:2551]         INITIAL STRING link [engrenagem1.3]-->[base]: [<self_collide>true</self_collide>]
Dbg [parser_urdf.cc:2543]   STRING REPLACE: instances of _link name [engrenagem1.3] with [base]
Dbg [parser_urdf.cc:2551]         INITIAL STRING link [engrenagem1.3]-->[base]: [<self_collide>true</self_collide>]
Dbg [parser_urdf.cc:2543]   STRING REPLACE: instances of _link name [engrenagem1.3] with [base]
Dbg [parser_urdf.cc:2551]         INITIAL STRING link [engrenagem1.3]-->[base]: [<self_collide>true</self_collide>]
Dbg [parser_urdf.cc:2543]   STRING REPLACE: instances of _link name [engrenagem1.3] with [base]
Dbg [parser_urdf.cc:2551]         INITIAL STRING link [engrenagem1.3]-->[base]: [<self_collide>true</self_collide>]
Dbg [parser_urdf.cc:948] lumping visual [] for link [engrenagem1.3] to parent [base] with name [engrenagem1.3]
Dbg [parser_urdf.cc:422] Fixed Joint Reduction: extension lumping from [engrenagem1.4] to [base]
Dbg [parser_urdf.cc:2543]   STRING REPLACE: instances of _link name [engrenagem1.4] with [base]
Dbg [parser_urdf.cc:2551]         INITIAL STRING link [engrenagem1.4]-->[base]: [<plugin filename="libgazebo_ros2_control.so" name="gazebo_ros2_control"><parameters>/home/ros2_ws/install/robot_description/share/robot_description/config/controllers.yaml</parameters></plugin>]
Dbg [parser_urdf.cc:2543]   STRING REPLACE: instances of _link name [engrenagem1.4] with [base]
Dbg [parser_urdf.cc:2551]         INITIAL STRING link [engrenagem1.4]-->[base]: [<self_collide>false</self_collide>]
Dbg [parser_urdf.cc:2551]         INITIAL STRING link [engrenagem1.4]-->[base]: [<gravity>true</gravity>]
Dbg [parser_urdf.cc:2543]   STRING REPLACE: instances of _link name [engrenagem1.4] with [base]
Dbg [parser_urdf.cc:2551]         INITIAL STRING link [engrenagem1.4]-->[base]: [<self_collide>true</self_collide>]
Dbg [parser_urdf.cc:2543]   STRING REPLACE: instances of _link name [engrenagem1.4] with [base]
Dbg [parser_urdf.cc:2551]         INITIAL STRING link [engrenagem1.4]-->[base]: [<sensor name="camera" type="camera"><pose>0 0 0 0 0 0</pose><visualize>true</visualize><update_rate>30</update_rate><camera><horizontal_fov>1.089</horizontal_fov><image><format>R8G8B8</format><width>640</width><height>480</height></image><clip><near>0.05</near><far>8.0</far></clip></camera><plugin filename="libgazebo_ros_camera.so" name="camera_controller"><frame_name>camera_link_optical</frame_name><alwaysOn>true</alwaysOn></plugin></sensor>]
Dbg [parser_urdf.cc:2543]   STRING REPLACE: instances of _link name [engrenagem1.4] with [base]
Dbg [parser_urdf.cc:2551]         INITIAL STRING link [engrenagem1.4]-->[base]: [<self_collide>true</self_collide>]
Dbg [parser_urdf.cc:2543]   STRING REPLACE: instances of _link name [engrenagem1.4] with [base]
Dbg [parser_urdf.cc:2551]         INITIAL STRING link [engrenagem1.4]-->[base]: [<self_collide>true</self_collide>]
Dbg [parser_urdf.cc:2543]   STRING REPLACE: instances of _link name [engrenagem1.4] with [base]
Dbg [parser_urdf.cc:2551]         INITIAL STRING link [engrenagem1.4]-->[base]: [<self_collide>true</self_collide>]
Dbg [parser_urdf.cc:2543]   STRING REPLACE: instances of _link name [engrenagem1.4] with [base]
Dbg [parser_urdf.cc:2551]         INITIAL STRING link [engrenagem1.4]-->[base]: [<self_collide>true</self_collide>]
Dbg [parser_urdf.cc:2543]   STRING REPLACE: instances of _link name [engrenagem1.4] with [base]
Dbg [parser_urdf.cc:2551]         INITIAL STRING link [engrenagem1.4]-->[base]: [<self_collide>true</self_collide>]
Dbg [parser_urdf.cc:948] lumping visual [] for link [engrenagem1.4] to parent [base] with name [engrenagem1.4]
Dbg [parser_urdf.cc:422] Fixed Joint Reduction: extension lumping from [bucha2] to [base]
Dbg [parser_urdf.cc:2543]   STRING REPLACE: instances of _link name [bucha2] with [base]
Dbg [parser_urdf.cc:2551]         INITIAL STRING link [bucha2]-->[base]: [<plugin filename="libgazebo_ros2_control.so" name="gazebo_ros2_control"><parameters>/home/ros2_ws/install/robot_description/share/robot_description/config/controllers.yaml</parameters></plugin>]
Dbg [parser_urdf.cc:2543]   STRING REPLACE: instances of _link name [bucha2] with [base]
Dbg [parser_urdf.cc:2551]         INITIAL STRING link [bucha2]-->[base]: [<self_collide>false</self_collide>]
Dbg [parser_urdf.cc:2551]         INITIAL STRING link [bucha2]-->[base]: [<gravity>true</gravity>]
Dbg [parser_urdf.cc:2543]   STRING REPLACE: instances of _link name [bucha2] with [base]
Dbg [parser_urdf.cc:2551]         INITIAL STRING link [bucha2]-->[base]: [<self_collide>true</self_collide>]
Dbg [parser_urdf.cc:2543]   STRING REPLACE: instances of _link name [bucha2] with [base]
Dbg [parser_urdf.cc:2551]         INITIAL STRING link [bucha2]-->[base]: [<sensor name="camera" type="camera"><pose>0 0 0 0 0 0</pose><visualize>true</visualize><update_rate>30</update_rate><camera><horizontal_fov>1.089</horizontal_fov><image><format>R8G8B8</format><width>640</width><height>480</height></image><clip><near>0.05</near><far>8.0</far></clip></camera><plugin filename="libgazebo_ros_camera.so" name="camera_controller"><frame_name>camera_link_optical</frame_name><alwaysOn>true</alwaysOn></plugin></sensor>]
Dbg [parser_urdf.cc:2543]   STRING REPLACE: instances of _link name [bucha2] with [base]
Dbg [parser_urdf.cc:2551]         INITIAL STRING link [bucha2]-->[base]: [<self_collide>true</self_collide>]
Dbg [parser_urdf.cc:2543]   STRING REPLACE: instances of _link name [bucha2] with [base]
Dbg [parser_urdf.cc:2551]         INITIAL STRING link [bucha2]-->[base]: [<self_collide>true</self_collide>]
Dbg [parser_urdf.cc:2543]   STRING REPLACE: instances of _link name [bucha2] with [base]
Dbg [parser_urdf.cc:2551]         INITIAL STRING link [bucha2]-->[base]: [<self_collide>true</self_collide>]
Dbg [parser_urdf.cc:2543]   STRING REPLACE: instances of _link name [bucha2] with [base]
Dbg [parser_urdf.cc:2551]         INITIAL STRING link [bucha2]-->[base]: [<self_collide>true</self_collide>]
Dbg [parser_urdf.cc:2543]   STRING REPLACE: instances of _link name [bucha2] with [base]
Dbg [parser_urdf.cc:2551]         INITIAL STRING link [bucha2]-->[base]: [<self_collide>true</self_collide>]
Dbg [parser_urdf.cc:948] lumping visual [] for link [bucha2] to parent [base] with name [bucha2]
Dbg [parser_urdf.cc:422] Fixed Joint Reduction: extension lumping from [bucha1] to [base]
Dbg [parser_urdf.cc:2543]   STRING REPLACE: instances of _link name [bucha1] with [base]
Dbg [parser_urdf.cc:2551]         INITIAL STRING link [bucha1]-->[base]: [<plugin filename="libgazebo_ros2_control.so" name="gazebo_ros2_control"><parameters>/home/ros2_ws/install/robot_description/share/robot_description/config/controllers.yaml</parameters></plugin>]
Dbg [parser_urdf.cc:2543]   STRING REPLACE: instances of _link name [bucha1] with [base]
Dbg [parser_urdf.cc:2551]         INITIAL STRING link [bucha1]-->[base]: [<self_collide>false</self_collide>]
Dbg [parser_urdf.cc:2551]         INITIAL STRING link [bucha1]-->[base]: [<gravity>true</gravity>]
Dbg [parser_urdf.cc:2543]   STRING REPLACE: instances of _link name [bucha1] with [base]
Dbg [parser_urdf.cc:2551]         INITIAL STRING link [bucha1]-->[base]: [<self_collide>true</self_collide>]
Dbg [parser_urdf.cc:2543]   STRING REPLACE: instances of _link name [bucha1] with [base]
Dbg [parser_urdf.cc:2551]         INITIAL STRING link [bucha1]-->[base]: [<sensor name="camera" type="camera"><pose>0 0 0 0 0 0</pose><visualize>true</visualize><update_rate>30</update_rate><camera><horizontal_fov>1.089</horizontal_fov><image><format>R8G8B8</format><width>640</width><height>480</height></image><clip><near>0.05</near><far>8.0</far></clip></camera><plugin filename="libgazebo_ros_camera.so" name="camera_controller"><frame_name>camera_link_optical</frame_name><alwaysOn>true</alwaysOn></plugin></sensor>]
Dbg [parser_urdf.cc:2543]   STRING REPLACE: instances of _link name [bucha1] with [base]
Dbg [parser_urdf.cc:2551]         INITIAL STRING link [bucha1]-->[base]: [<self_collide>true</self_collide>]
Dbg [parser_urdf.cc:2543]   STRING REPLACE: instances of _link name [bucha1] with [base]
Dbg [parser_urdf.cc:2551]         INITIAL STRING link [bucha1]-->[base]: [<self_collide>true</self_collide>]
Dbg [parser_urdf.cc:2543]   STRING REPLACE: instances of _link name [bucha1] with [base]
Dbg [parser_urdf.cc:2551]         INITIAL STRING link [bucha1]-->[base]: [<self_collide>true</self_collide>]
Dbg [parser_urdf.cc:2543]   STRING REPLACE: instances of _link name [bucha1] with [base]
Dbg [parser_urdf.cc:2551]         INITIAL STRING link [bucha1]-->[base]: [<self_collide>true</self_collide>]
Dbg [parser_urdf.cc:2543]   STRING REPLACE: instances of _link name [bucha1] with [base]
Dbg [parser_urdf.cc:2551]         INITIAL STRING link [bucha1]-->[base]: [<self_collide>true</self_collide>]
Dbg [parser_urdf.cc:948] lumping visual [] for link [bucha1] to parent [base] with name [bucha1]
Dbg [parser_urdf.cc:422] Fixed Joint Reduction: extension lumping from [motor1.2] to [estrutura1]
Dbg [parser_urdf.cc:2477]   REDUCE EXTENSION: moving reference from [motor1.2] to [estrutura1]
Dbg [parser_urdf.cc:2543]   STRING REPLACE: instances of _link name [motor1.2] with [estrutura1]
Dbg [parser_urdf.cc:2551]         INITIAL STRING link [motor1.2]-->[estrutura1]: [<plugin filename="libgazebo_ros2_control.so" name="gazebo_ros2_control"><parameters>/home/ros2_ws/install/robot_description/share/robot_description/config/controllers.yaml</parameters></plugin>]
Dbg [parser_urdf.cc:2543]   STRING REPLACE: instances of _link name [motor1.2] with [estrutura1]
Dbg [parser_urdf.cc:2551]         INITIAL STRING link [motor1.2]-->[estrutura1]: [<self_collide>false</self_collide>]
Dbg [parser_urdf.cc:2551]         INITIAL STRING link [motor1.2]-->[estrutura1]: [<gravity>true</gravity>]
Dbg [parser_urdf.cc:2543]   STRING REPLACE: instances of _link name [motor1.2] with [estrutura1]
Dbg [parser_urdf.cc:2551]         INITIAL STRING link [motor1.2]-->[estrutura1]: [<self_collide>true</self_collide>]
Dbg [parser_urdf.cc:2543]   STRING REPLACE: instances of _link name [motor1.2] with [estrutura1]
Dbg [parser_urdf.cc:2551]         INITIAL STRING link [motor1.2]-->[estrutura1]: [<sensor name="camera" type="camera"><pose>0 0 0 0 0 0</pose><visualize>true</visualize><update_rate>30</update_rate><camera><horizontal_fov>1.089</horizontal_fov><image><format>R8G8B8</format><width>640</width><height>480</height></image><clip><near>0.05</near><far>8.0</far></clip></camera><plugin filename="libgazebo_ros_camera.so" name="camera_controller"><frame_name>camera_link_optical</frame_name><alwaysOn>true</alwaysOn></plugin></sensor>]
Dbg [parser_urdf.cc:2543]   STRING REPLACE: instances of _link name [motor1.2] with [estrutura1]
Dbg [parser_urdf.cc:2551]         INITIAL STRING link [motor1.2]-->[estrutura1]: [<self_collide>true</self_collide>]
Dbg [parser_urdf.cc:2543]   STRING REPLACE: instances of _link name [motor1.2] with [estrutura1]
Dbg [parser_urdf.cc:2551]         INITIAL STRING link [motor1.2]-->[estrutura1]: [<self_collide>true</self_collide>]
Dbg [parser_urdf.cc:2543]   STRING REPLACE: instances of _link name [motor1.2] with [estrutura1]
Dbg [parser_urdf.cc:2551]         INITIAL STRING link [motor1.2]-->[estrutura1]: [<self_collide>true</self_collide>]
Dbg [parser_urdf.cc:2543]   STRING REPLACE: instances of _link name [motor1.2] with [estrutura1]
Dbg [parser_urdf.cc:2551]         INITIAL STRING link [motor1.2]-->[estrutura1]: [<self_collide>true</self_collide>]
Dbg [parser_urdf.cc:2543]   STRING REPLACE: instances of _link name [motor1.2] with [estrutura1]
Dbg [parser_urdf.cc:2551]         INITIAL STRING link [motor1.2]-->[estrutura1]: [<self_collide>true</self_collide>]
Dbg [parser_urdf.cc:948] lumping visual [] for link [motor1.2] to parent [estrutura1] with name [motor1.2]
Dbg [parser_urdf.cc:422] Fixed Joint Reduction: extension lumping from [tampa_link2] to [estrutura1]
Dbg [parser_urdf.cc:2543]   STRING REPLACE: instances of _link name [tampa_link2] with [estrutura1]
Dbg [parser_urdf.cc:2551]         INITIAL STRING link [tampa_link2]-->[estrutura1]: [<plugin filename="libgazebo_ros2_control.so" name="gazebo_ros2_control"><parameters>/home/ros2_ws/install/robot_description/share/robot_description/config/controllers.yaml</parameters></plugin>]
Dbg [parser_urdf.cc:2543]   STRING REPLACE: instances of _link name [tampa_link2] with [estrutura1]
Dbg [parser_urdf.cc:2551]         INITIAL STRING link [tampa_link2]-->[estrutura1]: [<self_collide>false</self_collide>]
Dbg [parser_urdf.cc:2551]         INITIAL STRING link [tampa_link2]-->[estrutura1]: [<gravity>true</gravity>]
Dbg [parser_urdf.cc:2543]   STRING REPLACE: instances of _link name [tampa_link2] with [estrutura1]
Dbg [parser_urdf.cc:2551]         INITIAL STRING link [tampa_link2]-->[estrutura1]: [<self_collide>true</self_collide>]
Dbg [parser_urdf.cc:2543]   STRING REPLACE: instances of _link name [tampa_link2] with [estrutura1]
Dbg [parser_urdf.cc:2551]         INITIAL STRING link [tampa_link2]-->[estrutura1]: [<sensor name="camera" type="camera"><pose>0 0 0 0 0 0</pose><visualize>true</visualize><update_rate>30</update_rate><camera><horizontal_fov>1.089</horizontal_fov><image><format>R8G8B8</format><width>640</width><height>480</height></image><clip><near>0.05</near><far>8.0</far></clip></camera><plugin filename="libgazebo_ros_camera.so" name="camera_controller"><frame_name>camera_link_optical</frame_name><alwaysOn>true</alwaysOn></plugin></sensor>]
Dbg [parser_urdf.cc:2543]   STRING REPLACE: instances of _link name [tampa_link2] with [estrutura1]
Dbg [parser_urdf.cc:2551]         INITIAL STRING link [tampa_link2]-->[estrutura1]: [<self_collide>true</self_collide>]
Dbg [parser_urdf.cc:2543]   STRING REPLACE: instances of _link name [tampa_link2] with [estrutura1]
Dbg [parser_urdf.cc:2551]         INITIAL STRING link [tampa_link2]-->[estrutura1]: [<self_collide>true</self_collide>]
Dbg [parser_urdf.cc:2543]   STRING REPLACE: instances of _link name [tampa_link2] with [estrutura1]
Dbg [parser_urdf.cc:2551]         INITIAL STRING link [tampa_link2]-->[estrutura1]: [<self_collide>true</self_collide>]
Dbg [parser_urdf.cc:2543]   STRING REPLACE: instances of _link name [tampa_link2] with [estrutura1]
Dbg [parser_urdf.cc:2551]         INITIAL STRING link [tampa_link2]-->[estrutura1]: [<self_collide>true</self_collide>]
Dbg [parser_urdf.cc:2543]   STRING REPLACE: instances of _link name [tampa_link2] with [estrutura1]
Dbg [parser_urdf.cc:2551]         INITIAL STRING link [tampa_link2]-->[estrutura1]: [<self_collide>true</self_collide>]
Dbg [parser_urdf.cc:948] lumping visual [] for link [tampa_link2] to parent [estrutura1] with name [tampa_link2]
Dbg [parser_urdf.cc:422] Fixed Joint Reduction: extension lumping from [tampa_linkp] to [estrutura2]
Dbg [parser_urdf.cc:2543]   STRING REPLACE: instances of _link name [tampa_linkp] with [estrutura2]
Dbg [parser_urdf.cc:2551]         INITIAL STRING link [tampa_linkp]-->[estrutura2]: [<plugin filename="libgazebo_ros2_control.so" name="gazebo_ros2_control"><parameters>/home/ros2_ws/install/robot_description/share/robot_description/config/controllers.yaml</parameters></plugin>]
Dbg [parser_urdf.cc:2543]   STRING REPLACE: instances of _link name [tampa_linkp] with [estrutura2]
Dbg [parser_urdf.cc:2551]         INITIAL STRING link [tampa_linkp]-->[estrutura2]: [<self_collide>false</self_collide>]
Dbg [parser_urdf.cc:2551]         INITIAL STRING link [tampa_linkp]-->[estrutura2]: [<gravity>true</gravity>]
Dbg [parser_urdf.cc:2543]   STRING REPLACE: instances of _link name [tampa_linkp] with [estrutura2]
Dbg [parser_urdf.cc:2551]         INITIAL STRING link [tampa_linkp]-->[estrutura2]: [<self_collide>true</self_collide>]
Dbg [parser_urdf.cc:2543]   STRING REPLACE: instances of _link name [tampa_linkp] with [estrutura2]
Dbg [parser_urdf.cc:2551]         INITIAL STRING link [tampa_linkp]-->[estrutura2]: [<sensor name="camera" type="camera"><pose>0 0 0 0 0 0</pose><visualize>true</visualize><update_rate>30</update_rate><camera><horizontal_fov>1.089</horizontal_fov><image><format>R8G8B8</format><width>640</width><height>480</height></image><clip><near>0.05</near><far>8.0</far></clip></camera><plugin filename="libgazebo_ros_camera.so" name="camera_controller"><frame_name>camera_link_optical</frame_name><alwaysOn>true</alwaysOn></plugin></sensor>]
Dbg [parser_urdf.cc:2543]   STRING REPLACE: instances of _link name [tampa_linkp] with [estrutura2]
Dbg [parser_urdf.cc:2551]         INITIAL STRING link [tampa_linkp]-->[estrutura2]: [<self_collide>true</self_collide>]
Dbg [parser_urdf.cc:2543]   STRING REPLACE: instances of _link name [tampa_linkp] with [estrutura2]
Dbg [parser_urdf.cc:2551]         INITIAL STRING link [tampa_linkp]-->[estrutura2]: [<self_collide>true</self_collide>]
Dbg [parser_urdf.cc:2543]   STRING REPLACE: instances of _link name [tampa_linkp] with [estrutura2]
Dbg [parser_urdf.cc:2551]         INITIAL STRING link [tampa_linkp]-->[estrutura2]: [<self_collide>true</self_collide>]
Dbg [parser_urdf.cc:2543]   STRING REPLACE: instances of _link name [tampa_linkp] with [estrutura2]
Dbg [parser_urdf.cc:2551]         INITIAL STRING link [tampa_linkp]-->[estrutura2]: [<self_collide>true</self_collide>]
Dbg [parser_urdf.cc:2543]   STRING REPLACE: instances of _link name [tampa_linkp] with [estrutura2]
Dbg [parser_urdf.cc:2551]         INITIAL STRING link [tampa_linkp]-->[estrutura2]: [<self_collide>true</self_collide>]
Dbg [parser_urdf.cc:948] lumping visual [] for link [tampa_linkp] to parent [estrutura2] with name [tampa_linkp]
Dbg [parser_urdf.cc:422] Fixed Joint Reduction: extension lumping from [motor2] to [estrutura2]
Dbg [parser_urdf.cc:2477]   REDUCE EXTENSION: moving reference from [motor2] to [estrutura2]
Dbg [parser_urdf.cc:2543]   STRING REPLACE: instances of _link name [motor2] with [estrutura2]
Dbg [parser_urdf.cc:2551]         INITIAL STRING link [motor2]-->[estrutura2]: [<plugin filename="libgazebo_ros2_control.so" name="gazebo_ros2_control"><parameters>/home/ros2_ws/install/robot_description/share/robot_description/config/controllers.yaml</parameters></plugin>]
Dbg [parser_urdf.cc:2543]   STRING REPLACE: instances of _link name [motor2] with [estrutura2]
Dbg [parser_urdf.cc:2551]         INITIAL STRING link [motor2]-->[estrutura2]: [<self_collide>false</self_collide>]
Dbg [parser_urdf.cc:2551]         INITIAL STRING link [motor2]-->[estrutura2]: [<gravity>true</gravity>]
Dbg [parser_urdf.cc:2543]   STRING REPLACE: instances of _link name [motor2] with [estrutura2]
Dbg [parser_urdf.cc:2551]         INITIAL STRING link [motor2]-->[estrutura2]: [<self_collide>true</self_collide>]
Dbg [parser_urdf.cc:2543]   STRING REPLACE: instances of _link name [motor2] with [estrutura2]
Dbg [parser_urdf.cc:2551]         INITIAL STRING link [motor2]-->[estrutura2]: [<sensor name="camera" type="camera"><pose>0 0 0 0 0 0</pose><visualize>true</visualize><update_rate>30</update_rate><camera><horizontal_fov>1.089</horizontal_fov><image><format>R8G8B8</format><width>640</width><height>480</height></image><clip><near>0.05</near><far>8.0</far></clip></camera><plugin filename="libgazebo_ros_camera.so" name="camera_controller"><frame_name>camera_link_optical</frame_name><alwaysOn>true</alwaysOn></plugin></sensor>]
Dbg [parser_urdf.cc:2543]   STRING REPLACE: instances of _link name [motor2] with [estrutura2]
Dbg [parser_urdf.cc:2551]         INITIAL STRING link [motor2]-->[estrutura2]: [<self_collide>true</self_collide>]
Dbg [parser_urdf.cc:2543]   STRING REPLACE: instances of _link name [motor2] with [estrutura2]
Dbg [parser_urdf.cc:2551]         INITIAL STRING link [motor2]-->[estrutura2]: [<self_collide>true</self_collide>]
Dbg [parser_urdf.cc:2543]   STRING REPLACE: instances of _link name [motor2] with [estrutura2]
Dbg [parser_urdf.cc:2551]         INITIAL STRING link [motor2]-->[estrutura2]: [<self_collide>true</self_collide>]
Dbg [parser_urdf.cc:2543]   STRING REPLACE: instances of _link name [motor2] with [estrutura2]
Dbg [parser_urdf.cc:2551]         INITIAL STRING link [motor2]-->[estrutura2]: [<self_collide>true</self_collide>]
Dbg [parser_urdf.cc:2543]   STRING REPLACE: instances of _link name [motor2] with [estrutura2]
Dbg [parser_urdf.cc:2551]         INITIAL STRING link [motor2]-->[estrutura2]: [<self_collide>true</self_collide>]
Dbg [parser_urdf.cc:948] lumping visual [] for link [motor2] to parent [estrutura2] with name [motor2]
Dbg [parser_urdf.cc:422] Fixed Joint Reduction: extension lumping from [fuso_rosca] to [estrutura2]
Dbg [parser_urdf.cc:2543]   STRING REPLACE: instances of _link name [fuso_rosca] with [estrutura2]
Dbg [parser_urdf.cc:2551]         INITIAL STRING link [fuso_rosca]-->[estrutura2]: [<plugin filename="libgazebo_ros2_control.so" name="gazebo_ros2_control"><parameters>/home/ros2_ws/install/robot_description/share/robot_description/config/controllers.yaml</parameters></plugin>]
Dbg [parser_urdf.cc:2543]   STRING REPLACE: instances of _link name [fuso_rosca] with [estrutura2]
Dbg [parser_urdf.cc:2551]         INITIAL STRING link [fuso_rosca]-->[estrutura2]: [<self_collide>false</self_collide>]
Dbg [parser_urdf.cc:2551]         INITIAL STRING link [fuso_rosca]-->[estrutura2]: [<gravity>true</gravity>]
Dbg [parser_urdf.cc:2543]   STRING REPLACE: instances of _link name [fuso_rosca] with [estrutura2]
Dbg [parser_urdf.cc:2551]         INITIAL STRING link [fuso_rosca]-->[estrutura2]: [<self_collide>true</self_collide>]
Dbg [parser_urdf.cc:2543]   STRING REPLACE: instances of _link name [fuso_rosca] with [estrutura2]
Dbg [parser_urdf.cc:2551]         INITIAL STRING link [fuso_rosca]-->[estrutura2]: [<sensor name="camera" type="camera"><pose>0 0 0 0 0 0</pose><visualize>true</visualize><update_rate>30</update_rate><camera><horizontal_fov>1.089</horizontal_fov><image><format>R8G8B8</format><width>640</width><height>480</height></image><clip><near>0.05</near><far>8.0</far></clip></camera><plugin filename="libgazebo_ros_camera.so" name="camera_controller"><frame_name>camera_link_optical</frame_name><alwaysOn>true</alwaysOn></plugin></sensor>]
Dbg [parser_urdf.cc:2543]   STRING REPLACE: instances of _link name [fuso_rosca] with [estrutura2]
Dbg [parser_urdf.cc:2551]         INITIAL STRING link [fuso_rosca]-->[estrutura2]: [<self_collide>true</self_collide>]
Dbg [parser_urdf.cc:2543]   STRING REPLACE: instances of _link name [fuso_rosca] with [estrutura2]
Dbg [parser_urdf.cc:2551]         INITIAL STRING link [fuso_rosca]-->[estrutura2]: [<self_collide>true</self_collide>]
Dbg [parser_urdf.cc:2543]   STRING REPLACE: instances of _link name [fuso_rosca] with [estrutura2]
Dbg [parser_urdf.cc:2551]         INITIAL STRING link [fuso_rosca]-->[estrutura2]: [<self_collide>true</self_collide>]
Dbg [parser_urdf.cc:2543]   STRING REPLACE: instances of _link name [fuso_rosca] with [estrutura2]
Dbg [parser_urdf.cc:2551]         INITIAL STRING link [fuso_rosca]-->[estrutura2]: [<self_collide>true</self_collide>]
Dbg [parser_urdf.cc:2543]   STRING REPLACE: instances of _link name [fuso_rosca] with [estrutura2]
Dbg [parser_urdf.cc:2551]         INITIAL STRING link [fuso_rosca]-->[estrutura2]: [<self_collide>true</self_collide>]
Dbg [parser_urdf.cc:948] lumping visual [] for link [fuso_rosca] to parent [estrutura2] with name [fuso_rosca]
Dbg [parser_urdf.cc:2656] urdf2sdf: link[base] has no inertia, [9] children links ignored.
Dbg [parser_urdf.cc:2664] urdf2sdf: link[base] has no inertia, [9] children joints ignored.
Dbg [parser_urdf.cc:2672] urdf2sdf: link[base] has no inertia, parent joint [joint_0] ignored.
Dbg [parser_urdf.cc:2678] urdf2sdf: link[base] has no inertia, not modeled in sdf
Dbg [parser.cc:483] Parsing from urdf.
