1733255303.2855368 [INFO] [launch]: All log files can be found below /home/ros2_ws/.ros/log/2024-12-03-16-48-23-284245-sabrina-Inspiron-3501-736
1733255303.2857764 [INFO] [launch]: Default logging verbosity is set to INFO
1733255303.4985025 [INFO] [robot_state_publisher-1]: process started with pid [737]
1733255303.4989095 [INFO] [joint_state_publisher-2]: process started with pid [739]
1733255303.4991522 [INFO] [joint_state_publisher_gui-3]: process started with pid [741]
1733255303.4993875 [INFO] [rviz2-4]: process started with pid [743]
1733255304.2262375 [joint_state_publisher_gui-3] QStandardPaths: wrong permissions on runtime directory /tmp/runtime-ros2_ws, 0755 instead of 0700
1733255304.2273607 [joint_state_publisher_gui-3] QStandardPaths: wrong permissions on runtime directory /tmp/runtime-ros2_ws, 0755 instead of 0700
1733255304.2586417 [joint_state_publisher-2] [INFO] [1733255304.258230364] [joint_state_publisher]: Waiting for robot_description to be published on the robot_description topic...
1733255304.3525970 [joint_state_publisher_gui-3] [INFO] [1733255304.352067540] [joint_state_publisher_gui]: Waiting for robot_description to be published on the robot_description topic...
1733255304.3713586 [joint_state_publisher_gui-3] [INFO] [1733255304.370845240] [joint_state_publisher_gui]: Centering
1733255304.4209397 [joint_state_publisher_gui-3] MESA: error: Failed to query drm device.
1733255304.4212272 [joint_state_publisher_gui-3] libGL error: glx: failed to create dri3 screen
1733255304.4214008 [joint_state_publisher_gui-3] libGL error: failed to load driver: iris
1733255304.4922860 [joint_state_publisher_gui-3] [INFO] [1733255304.491850605] [joint_state_publisher_gui]: Centering
1733255394.7436345 [WARNING] [launch]: user interrupted with ctrl-c (SIGINT)
1733255394.7703674 [ERROR] [joint_state_publisher_gui-3]: process has died [pid 741, exit code -2, cmd '/opt/ros/humble/lib/joint_state_publisher_gui/joint_state_publisher_gui --ros-args -r __node:=joint_state_publisher_gui'].
1733255394.8755267 [INFO] [robot_state_publisher-1]: process has finished cleanly [pid 737]
1733255394.9675097 [INFO] [joint_state_publisher-2]: process has finished cleanly [pid 739]
1733255394.9945798 [INFO] [rviz2-4]: process has finished cleanly [pid 743]
