1733331365.4670854 [INFO] [launch]: All log files can be found below /home/ros2_ws/.ros/log/2024-12-04-13-56-05-466444-sabrina-Inspiron-3501-1316
1733331365.4672098 [INFO] [launch]: Default logging verbosity is set to INFO
1733331365.5375941 [INFO] [robot_state_publisher-1]: process started with pid [1317]
1733331365.5377948 [INFO] [joint_state_publisher-2]: process started with pid [1319]
1733331365.5378907 [INFO] [joint_state_publisher_gui-3]: process started with pid [1321]
1733331365.5379710 [INFO] [rviz2-4]: process started with pid [1323]
1733331365.8060448 [joint_state_publisher-2] [INFO] [1733331365.805759333] [joint_state_publisher]: Waiting for robot_description to be published on the robot_description topic...
1733331365.8230510 [joint_state_publisher_gui-3] QStandardPaths: wrong permissions on runtime directory /tmp/runtime-ros2_ws, 0755 instead of 0700
1733331365.8234289 [joint_state_publisher_gui-3] QStandardPaths: wrong permissions on runtime directory /tmp/runtime-ros2_ws, 0755 instead of 0700
1733331365.8665359 [joint_state_publisher_gui-3] [INFO] [1733331365.866234237] [joint_state_publisher_gui]: Waiting for robot_description to be published on the robot_description topic...
1733331365.8741612 [joint_state_publisher_gui-3] [INFO] [1733331365.873890045] [joint_state_publisher_gui]: Centering
1733331365.9020367 [joint_state_publisher_gui-3] MESA: error: Failed to query drm device.
1733331365.9021633 [joint_state_publisher_gui-3] libGL error: glx: failed to create dri3 screen
1733331365.9022169 [joint_state_publisher_gui-3] libGL error: failed to load driver: iris
1733331365.9287982 [joint_state_publisher_gui-3] [INFO] [1733331365.928534715] [joint_state_publisher_gui]: Centering
1733331789.3426669 [WARNING] [launch]: user interrupted with ctrl-c (SIGINT)
1733331789.3511021 [ERROR] [joint_state_publisher_gui-3]: process has died [pid 1321, exit code -2, cmd '/opt/ros/humble/lib/joint_state_publisher_gui/joint_state_publisher_gui --ros-args -r __node:=joint_state_publisher_gui'].
1733331789.4524558 [INFO] [robot_state_publisher-1]: process has finished cleanly [pid 1317]
1733331789.4859407 [INFO] [joint_state_publisher-2]: process has finished cleanly [pid 1319]
1733331789.5238786 [INFO] [rviz2-4]: process has finished cleanly [pid 1323]
