1733254602.7735436 [INFO] [launch]: All log files can be found below /home/ros2_ws/.ros/log/2024-12-03-16-36-42-772906-sabrina-Inspiron-3501-512
1733254602.7736673 [INFO] [launch]: Default logging verbosity is set to INFO
1733254602.8946230 [INFO] [robot_state_publisher-1]: process started with pid [513]
1733254602.8948064 [INFO] [joint_state_publisher-2]: process started with pid [515]
1733254602.8948984 [INFO] [joint_state_publisher_gui-3]: process started with pid [517]
1733254602.8949831 [INFO] [rviz2-4]: process started with pid [519]
1733254603.3164966 [joint_state_publisher_gui-3] QStandardPaths: wrong permissions on runtime directory /tmp/runtime-ros2_ws, 0755 instead of 0700
1733254603.3169212 [joint_state_publisher_gui-3] QStandardPaths: wrong permissions on runtime directory /tmp/runtime-ros2_ws, 0755 instead of 0700
1733254603.3409951 [joint_state_publisher-2] [INFO] [1733254603.340750248] [joint_state_publisher]: Waiting for robot_description to be published on the robot_description topic...
1733254603.4001913 [joint_state_publisher_gui-3] [INFO] [1733254603.399811335] [joint_state_publisher_gui]: Waiting for robot_description to be published on the robot_description topic...
1733254603.4116194 [joint_state_publisher_gui-3] [INFO] [1733254603.411253772] [joint_state_publisher_gui]: Centering
1733254603.4457986 [joint_state_publisher_gui-3] MESA: error: Failed to query drm device.
1733254603.4459453 [joint_state_publisher_gui-3] libGL error: glx: failed to create dri3 screen
1733254603.4460151 [joint_state_publisher_gui-3] libGL error: failed to load driver: iris
1733254603.4807861 [joint_state_publisher_gui-3] [INFO] [1733254603.480478957] [joint_state_publisher_gui]: Centering
1733254893.6122806 [WARNING] [launch]: user interrupted with ctrl-c (SIGINT)
1733254893.6279376 [ERROR] [joint_state_publisher_gui-3]: process has died [pid 517, exit code -2, cmd '/opt/ros/humble/lib/joint_state_publisher_gui/joint_state_publisher_gui --ros-args -r __node:=joint_state_publisher_gui'].
1733254893.7263513 [INFO] [robot_state_publisher-1]: process has finished cleanly [pid 513]
1733254893.7621284 [INFO] [rviz2-4]: process has finished cleanly [pid 519]
1733254893.7693377 [INFO] [joint_state_publisher-2]: process has finished cleanly [pid 515]
