-- Install configuration: ""
-- Up-to-date: /home/ros2_ws/install/robot_description/share/robot_description/launch
-- Up-to-date: /home/ros2_ws/install/robot_description/share/robot_description/launch/display.launch.py
-- Up-to-date: /home/ros2_ws/install/robot_description/share/robot_description/urdf
-- Installing: /home/ros2_ws/install/robot_description/share/robot_description/urdf/robot_description.xacro
-- Installing: /home/ros2_ws/install/robot_description/share/robot_description/urdf/robot_description.urdf
-- Up-to-date: /home/ros2_ws/install/robot_description/share/robot_description/config
-- Up-to-date: /home/ros2_ws/install/robot_description/share/robot_description/config/link2_inertia.yaml
-- Up-to-date: /home/ros2_ws/install/robot_description/share/robot_description/meshes
-- Up-to-date: /home/ros2_ws/install/robot_description/share/robot_description/meshes/link_5.STL
-- Up-to-date: /home/ros2_ws/install/robot_description/share/robot_description/meshes/link_4.STL
-- Up-to-date: /home/ros2_ws/install/robot_description/share/robot_description/meshes/link_2.STL
-- Up-to-date: /home/ros2_ws/install/robot_description/share/robot_description/meshes/link_3.STL
-- Up-to-date: /home/ros2_ws/install/robot_description/share/robot_description/meshes/base_link.STL
-- Up-to-date: /home/ros2_ws/install/robot_description/share/robot_description/meshes/link_1.STL
-- Up-to-date: /home/ros2_ws/install/robot_description/share/robot_description/rviz2
-- Up-to-date: /home/ros2_ws/install/robot_description/share/robot_description/rviz2/display.rviz
-- Up-to-date: /home/ros2_ws/install/robot_description/share/ament_index/resource_index/package_run_dependencies/robot_description
-- Up-to-date: /home/ros2_ws/install/robot_description/share/ament_index/resource_index/parent_prefix_path/robot_description
-- Up-to-date: /home/ros2_ws/install/robot_description/share/robot_description/environment/ament_prefix_path.sh
-- Up-to-date: /home/ros2_ws/install/robot_description/share/robot_description/environment/ament_prefix_path.dsv
-- Up-to-date: /home/ros2_ws/install/robot_description/share/robot_description/environment/path.sh
-- Up-to-date: /home/ros2_ws/install/robot_description/share/robot_description/environment/path.dsv
-- Up-to-date: /home/ros2_ws/install/robot_description/share/robot_description/local_setup.bash
-- Up-to-date: /home/ros2_ws/install/robot_description/share/robot_description/local_setup.sh
-- Up-to-date: /home/ros2_ws/install/robot_description/share/robot_description/local_setup.zsh
-- Up-to-date: /home/ros2_ws/install/robot_description/share/robot_description/local_setup.dsv
-- Up-to-date: /home/ros2_ws/install/robot_description/share/robot_description/package.dsv
-- Up-to-date: /home/ros2_ws/install/robot_description/share/ament_index/resource_index/packages/robot_description
-- Up-to-date: /home/ros2_ws/install/robot_description/share/robot_description/cmake/robot_descriptionConfig.cmake
-- Up-to-date: /home/ros2_ws/install/robot_description/share/robot_description/cmake/robot_descriptionConfig-version.cmake
-- Up-to-date: /home/ros2_ws/install/robot_description/share/robot_description/package.xml
