[0.008s] Invoking command in '/home/ros2_ws/build/robot_description': CMAKE_PREFIX_PATH=${CMAKE_PREFIX_PATH}:/opt/ros/humble /usr/bin/cmake --build /home/ros2_ws/build/robot_description -- -j8 -l8
[0.035s] Invoked command in '/home/ros2_ws/build/robot_description' returned '0': CMAKE_PREFIX_PATH=${CMAKE_PREFIX_PATH}:/opt/ros/humble /usr/bin/cmake --build /home/ros2_ws/build/robot_description -- -j8 -l8
[0.055s] Invoking command in '/home/ros2_ws/build/robot_description': CMAKE_PREFIX_PATH=${CMAKE_PREFIX_PATH}:/opt/ros/humble /usr/bin/cmake --install /home/ros2_ws/build/robot_description
[0.060s] -- Install configuration: ""
[0.061s] -- Up-to-date: /home/ros2_ws/install/robot_description/share/robot_description/launch
[0.061s] -- Up-to-date: /home/ros2_ws/install/robot_description/share/robot_description/launch/display.launch.py
[0.061s] -- Up-to-date: /home/ros2_ws/install/robot_description/share/robot_description/urdf
[0.061s] -- Installing: /home/ros2_ws/install/robot_description/share/robot_description/urdf/robot_description.xacro
[0.061s] -- Installing: /home/ros2_ws/install/robot_description/share/robot_description/urdf/robot_description.urdf
[0.061s] -- Up-to-date: /home/ros2_ws/install/robot_description/share/robot_description/config
[0.061s] -- Up-to-date: /home/ros2_ws/install/robot_description/share/robot_description/config/link2_inertia.yaml
[0.061s] -- Up-to-date: /home/ros2_ws/install/robot_description/share/robot_description/meshes
[0.061s] -- Up-to-date: /home/ros2_ws/install/robot_description/share/robot_description/meshes/link_5.STL
[0.061s] -- Up-to-date: /home/ros2_ws/install/robot_description/share/robot_description/meshes/link_4.STL
[0.061s] -- Up-to-date: /home/ros2_ws/install/robot_description/share/robot_description/meshes/link_2.STL
[0.062s] -- Up-to-date: /home/ros2_ws/install/robot_description/share/robot_description/meshes/link_3.STL
[0.062s] -- Up-to-date: /home/ros2_ws/install/robot_description/share/robot_description/meshes/base_link.STL
[0.062s] -- Up-to-date: /home/ros2_ws/install/robot_description/share/robot_description/meshes/link_1.STL
[0.062s] -- Up-to-date: /home/ros2_ws/install/robot_description/share/robot_description/rviz2
[0.062s] -- Up-to-date: /home/ros2_ws/install/robot_description/share/robot_description/rviz2/display.rviz
[0.062s] -- Up-to-date: /home/ros2_ws/install/robot_description/share/ament_index/resource_index/package_run_dependencies/robot_description
[0.062s] -- Up-to-date: /home/ros2_ws/install/robot_description/share/ament_index/resource_index/parent_prefix_path/robot_description
[0.062s] -- Up-to-date: /home/ros2_ws/install/robot_description/share/robot_description/environment/ament_prefix_path.sh
[0.062s] -- Up-to-date: /home/ros2_ws/install/robot_description/share/robot_description/environment/ament_prefix_path.dsv
[0.062s] -- Up-to-date: /home/ros2_ws/install/robot_description/share/robot_description/environment/path.sh
[0.062s] -- Up-to-date: /home/ros2_ws/install/robot_description/share/robot_description/environment/path.dsv
[0.062s] -- Up-to-date: /home/ros2_ws/install/robot_description/share/robot_description/local_setup.bash
[0.062s] -- Up-to-date: /home/ros2_ws/install/robot_description/share/robot_description/local_setup.sh
[0.063s] -- Up-to-date: /home/ros2_ws/install/robot_description/share/robot_description/local_setup.zsh
[0.063s] -- Up-to-date: /home/ros2_ws/install/robot_description/share/robot_description/local_setup.dsv
[0.063s] -- Up-to-date: /home/ros2_ws/install/robot_description/share/robot_description/package.dsv
[0.063s] -- Up-to-date: /home/ros2_ws/install/robot_description/share/ament_index/resource_index/packages/robot_description
[0.063s] -- Up-to-date: /home/ros2_ws/install/robot_description/share/robot_description/cmake/robot_descriptionConfig.cmake
[0.063s] -- Up-to-date: /home/ros2_ws/install/robot_description/share/robot_description/cmake/robot_descriptionConfig-version.cmake
[0.063s] -- Up-to-date: /home/ros2_ws/install/robot_description/share/robot_description/package.xml
[0.064s] Invoked command in '/home/ros2_ws/build/robot_description' returned '0': CMAKE_PREFIX_PATH=${CMAKE_PREFIX_PATH}:/opt/ros/humble /usr/bin/cmake --install /home/ros2_ws/build/robot_description
