1733338128.5630574 [INFO] [launch]: All log files can be found below /home/ros2_ws/.ros/log/2024-12-04-15-48-48-562541-sabrina-Inspiron-3501-134
1733338128.5631485 [INFO] [launch]: Default logging verbosity is set to INFO
1733338128.6721611 [INFO] [robot_state_publisher-1]: process started with pid [135]
1733338128.6723163 [INFO] [joint_state_publisher-2]: process started with pid [137]
1733338128.6724093 [INFO] [joint_state_publisher_gui-3]: process started with pid [139]
1733338128.6724806 [INFO] [rviz2-4]: process started with pid [141]
1733338130.5431821 [joint_state_publisher_gui-3] QStandardPaths: wrong permissions on runtime directory /tmp/runtime-ros2_ws, 0755 instead of 0700
1733338130.5435717 [joint_state_publisher_gui-3] QStandardPaths: wrong permissions on runtime directory /tmp/runtime-ros2_ws, 0755 instead of 0700
1733338130.5822256 [joint_state_publisher-2] [INFO] [1733338130.581943526] [joint_state_publisher]: Waiting for robot_description to be published on the robot_description topic...
1733338130.5894015 [joint_state_publisher_gui-3] [INFO] [1733338130.589174583] [joint_state_publisher_gui]: Waiting for robot_description to be published on the robot_description topic...
1733338130.7335639 [joint_state_publisher_gui-3] [INFO] [1733338130.733206156] [joint_state_publisher_gui]: Centering
1733338132.2776358 [joint_state_publisher_gui-3] MESA: error: Failed to query drm device.
1733338132.2804742 [joint_state_publisher_gui-3] libGL error: glx: failed to create dri3 screen
1733338132.2806258 [joint_state_publisher_gui-3] libGL error: failed to load driver: iris
1733338132.3969684 [joint_state_publisher_gui-3] [INFO] [1733338132.396721870] [joint_state_publisher_gui]: Centering
1733338196.7124071 [WARNING] [launch]: user interrupted with ctrl-c (SIGINT)
1733338196.7200270 [ERROR] [joint_state_publisher_gui-3]: process has died [pid 139, exit code -2, cmd '/opt/ros/humble/lib/joint_state_publisher_gui/joint_state_publisher_gui --ros-args -r __node:=joint_state_publisher_gui'].
1733338196.8202779 [INFO] [robot_state_publisher-1]: process has finished cleanly [pid 135]
1733338196.8644168 [INFO] [joint_state_publisher-2]: process has finished cleanly [pid 137]
1733338196.9940393 [INFO] [rviz2-4]: process has finished cleanly [pid 141]
