1733331827.2244861 [INFO] [launch]: All log files can be found below /home/ros2_ws/.ros/log/2024-12-04-14-03-47-223837-sabrina-Inspiron-3501-1505
1733331827.2246289 [INFO] [launch]: Default logging verbosity is set to INFO
1733331827.2949886 [INFO] [robot_state_publisher-1]: process started with pid [1506]
1733331827.2951946 [INFO] [joint_state_publisher-2]: process started with pid [1508]
1733331827.2952955 [INFO] [joint_state_publisher_gui-3]: process started with pid [1510]
1733331827.2953858 [INFO] [rviz2-4]: process started with pid [1512]
1733331827.5494111 [joint_state_publisher-2] [INFO] [1733331827.549159654] [joint_state_publisher]: Waiting for robot_description to be published on the robot_description topic...
1733331827.5553527 [joint_state_publisher_gui-3] QStandardPaths: wrong permissions on runtime directory /tmp/runtime-ros2_ws, 0755 instead of 0700
1733331827.5556784 [joint_state_publisher_gui-3] QStandardPaths: wrong permissions on runtime directory /tmp/runtime-ros2_ws, 0755 instead of 0700
1733331827.6182265 [joint_state_publisher_gui-3] [INFO] [1733331827.617981734] [joint_state_publisher_gui]: Waiting for robot_description to be published on the robot_description topic...
1733331827.6287680 [joint_state_publisher_gui-3] [INFO] [1733331827.628564626] [joint_state_publisher_gui]: Centering
1733331827.6613250 [joint_state_publisher_gui-3] MESA: error: Failed to query drm device.
1733331827.6614895 [joint_state_publisher_gui-3] libGL error: glx: failed to create dri3 screen
1733331827.6615562 [joint_state_publisher_gui-3] libGL error: failed to load driver: iris
1733331827.6963980 [joint_state_publisher_gui-3] [INFO] [1733331827.696164072] [joint_state_publisher_gui]: Centering
1733331842.6997318 [WARNING] [launch]: user interrupted with ctrl-c (SIGINT)
1733331842.7067802 [ERROR] [joint_state_publisher_gui-3]: process has died [pid 1510, exit code -2, cmd '/opt/ros/humble/lib/joint_state_publisher_gui/joint_state_publisher_gui --ros-args -r __node:=joint_state_publisher_gui'].
1733331842.8055055 [INFO] [robot_state_publisher-1]: process has finished cleanly [pid 1506]
1733331842.8406515 [INFO] [joint_state_publisher-2]: process has finished cleanly [pid 1508]
1733331842.9191954 [INFO] [rviz2-4]: process has finished cleanly [pid 1512]
