[0.007s] Invoking command in '/home/ros2_ws/build/robot_description': CMAKE_PREFIX_PATH=${CMAKE_PREFIX_PATH}:/opt/ros/humble /usr/bin/cmake /home/ros2_ws/src/robot_description -DCMAKE_INSTALL_PREFIX=/home/ros2_ws/install/robot_description
[0.047s] -- The C compiler identification is GNU 11.4.0
[0.089s] -- The CXX compiler identification is GNU 11.4.0
[0.094s] -- Detecting C compiler ABI info
[0.142s] -- Detecting C compiler ABI info - done
[0.149s] -- Check for working C compiler: /usr/bin/cc - skipped
[0.149s] -- Detecting C compile features
[0.150s] -- Detecting C compile features - done
[0.152s] -- Detecting CXX compiler ABI info
[0.215s] -- Detecting CXX compiler ABI info - done
[0.220s] -- Check for working CXX compiler: /usr/bin/c++ - skipped
[0.221s] -- Detecting CXX compile features
[0.221s] -- Detecting CXX compile features - done
[0.223s] -- Found ament_cmake: 1.3.10 (/opt/ros/humble/share/ament_cmake/cmake)
[0.325s] -- Found Python3: /usr/bin/python3 (found version "3.10.12") found components: Interpreter 
[0.387s] -- Found xacro: 2.0.8 (/opt/ros/humble/share/xacro/cmake)
[0.388s] -- Found urdf: 2.6.1 (/opt/ros/humble/share/urdf/cmake)
[0.427s] -- Found rviz2: 11.2.13 (/opt/ros/humble/share/rviz2/cmake)
[0.428s] -- Found ament_lint_auto: 0.12.11 (/opt/ros/humble/share/ament_lint_auto/cmake)
[0.487s] -- Added test 'flake8' to check Python code syntax and style conventions
[0.487s] -- Added test 'lint_cmake' to check CMake code style
[0.488s] -- Added test 'pep257' to check Python code against some of the docstring style conventions in PEP 257
[0.489s] -- Added test 'xmllint' to check XML markup files
[0.490s] -- Configuring done
[0.492s] -- Generating done
[0.493s] -- Build files have been written to: /home/ros2_ws/build/robot_description
[0.497s] Invoked command in '/home/ros2_ws/build/robot_description' returned '0': CMAKE_PREFIX_PATH=${CMAKE_PREFIX_PATH}:/opt/ros/humble /usr/bin/cmake /home/ros2_ws/src/robot_description -DCMAKE_INSTALL_PREFIX=/home/ros2_ws/install/robot_description
[0.498s] Invoking command in '/home/ros2_ws/build/robot_description': CMAKE_PREFIX_PATH=${CMAKE_PREFIX_PATH}:/opt/ros/humble /usr/bin/cmake --build /home/ros2_ws/build/robot_description -- -j8 -l8
[0.528s] Invoked command in '/home/ros2_ws/build/robot_description' returned '0': CMAKE_PREFIX_PATH=${CMAKE_PREFIX_PATH}:/opt/ros/humble /usr/bin/cmake --build /home/ros2_ws/build/robot_description -- -j8 -l8
[0.549s] Invoking command in '/home/ros2_ws/build/robot_description': CMAKE_PREFIX_PATH=${CMAKE_PREFIX_PATH}:/opt/ros/humble /usr/bin/cmake --install /home/ros2_ws/build/robot_description
[0.554s] -- Install configuration: ""
[0.554s] -- Installing: /home/ros2_ws/install/robot_description/share/robot_description/launch
[0.554s] -- Installing: /home/ros2_ws/install/robot_description/share/robot_description/launch/display.launch.py
[0.555s] -- Installing: /home/ros2_ws/install/robot_description/share/robot_description/urdf
[0.555s] -- Installing: /home/ros2_ws/install/robot_description/share/robot_description/urdf/robot_description.xacro
[0.555s] -- Installing: /home/ros2_ws/install/robot_description/share/robot_description/urdf/robot_description.urdf
[0.555s] -- Installing: /home/ros2_ws/install/robot_description/share/robot_description/config
[0.555s] -- Installing: /home/ros2_ws/install/robot_description/share/robot_description/config/link2_inertia.yaml
[0.555s] -- Installing: /home/ros2_ws/install/robot_description/share/robot_description/meshes
[0.555s] -- Installing: /home/ros2_ws/install/robot_description/share/robot_description/meshes/link_5.STL
[0.555s] -- Installing: /home/ros2_ws/install/robot_description/share/robot_description/meshes/link_4.STL
[0.555s] -- Installing: /home/ros2_ws/install/robot_description/share/robot_description/meshes/link_2.STL
[0.555s] -- Installing: /home/ros2_ws/install/robot_description/share/robot_description/meshes/link_3.STL
[0.555s] -- Installing: /home/ros2_ws/install/robot_description/share/robot_description/meshes/base_link.STL
[0.556s] -- Installing: /home/ros2_ws/install/robot_description/share/robot_description/meshes/link_1.STL
[0.556s] -- Installing: /home/ros2_ws/install/robot_description/share/robot_description/rviz2
[0.556s] -- Installing: /home/ros2_ws/install/robot_description/share/robot_description/rviz2/display.rviz
[0.556s] -- Installing: /home/ros2_ws/install/robot_description/share/ament_index/resource_index/package_run_dependencies/robot_description
[0.556s] -- Installing: /home/ros2_ws/install/robot_description/share/ament_index/resource_index/parent_prefix_path/robot_description
[0.557s] -- Installing: /home/ros2_ws/install/robot_description/share/robot_description/environment/ament_prefix_path.sh
[0.557s] -- Installing: /home/ros2_ws/install/robot_description/share/robot_description/environment/ament_prefix_path.dsv
[0.557s] -- Installing: /home/ros2_ws/install/robot_description/share/robot_description/environment/path.sh
[0.557s] -- Installing: /home/ros2_ws/install/robot_description/share/robot_description/environment/path.dsv
[0.557s] -- Installing: /home/ros2_ws/install/robot_description/share/robot_description/local_setup.bash
[0.557s] -- Installing: /home/ros2_ws/install/robot_description/share/robot_description/local_setup.sh
[0.557s] -- Installing: /home/ros2_ws/install/robot_description/share/robot_description/local_setup.zsh
[0.557s] -- Installing: /home/ros2_ws/install/robot_description/share/robot_description/local_setup.dsv
[0.557s] -- Installing: /home/ros2_ws/install/robot_description/share/robot_description/package.dsv
[0.557s] -- Installing: /home/ros2_ws/install/robot_description/share/ament_index/resource_index/packages/robot_description
[0.557s] -- Installing: /home/ros2_ws/install/robot_description/share/robot_description/cmake/robot_descriptionConfig.cmake
[0.557s] -- Installing: /home/ros2_ws/install/robot_description/share/robot_description/cmake/robot_descriptionConfig-version.cmake
[0.558s] -- Installing: /home/ros2_ws/install/robot_description/share/robot_description/package.xml
[0.559s] Invoked command in '/home/ros2_ws/build/robot_description' returned '0': CMAKE_PREFIX_PATH=${CMAKE_PREFIX_PATH}:/opt/ros/humble /usr/bin/cmake --install /home/ros2_ws/build/robot_description
