[0.009s] Invoking command in '/home/ros2_ws/build/robot_description': CMAKE_PREFIX_PATH=${CMAKE_PREFIX_PATH}:/opt/ros/humble /usr/bin/cmake /home/ros2_ws/src/robot_description -DCMAKE_INSTALL_PREFIX=/home/ros2_ws/install/robot_description
[0.610s] -- The C compiler identification is GNU 11.4.0
[1.082s] -- The CXX compiler identification is GNU 11.4.0
[1.095s] -- Detecting C compiler ABI info
[1.192s] -- Detecting C compiler ABI info - done
[1.201s] -- Check for working C compiler: /usr/bin/cc - skipped
[1.202s] -- Detecting C compile features
[1.203s] -- Detecting C compile features - done
[1.207s] -- Detecting CXX compiler ABI info
[1.299s] -- Detecting CXX compiler ABI info - done
[1.305s] -- Check for working CXX compiler: /usr/bin/c++ - skipped
[1.306s] -- Detecting CXX compile features
[1.306s] -- Detecting CXX compile features - done
[1.312s] -- Found ament_cmake: 1.3.10 (/opt/ros/humble/share/ament_cmake/cmake)
[1.459s] -- Found Python3: /usr/bin/python3 (found version "3.10.12") found components: Interpreter 
[1.572s] -- Found xacro: 2.0.8 (/opt/ros/humble/share/xacro/cmake)
[1.575s] -- Found urdf: 2.6.1 (/opt/ros/humble/share/urdf/cmake)
[1.649s] -- Found rviz2: 11.2.13 (/opt/ros/humble/share/rviz2/cmake)
[1.651s] -- Found ament_lint_auto: 0.12.11 (/opt/ros/humble/share/ament_lint_auto/cmake)
[1.736s] -- Added test 'flake8' to check Python code syntax and style conventions
[1.737s] -- Added test 'lint_cmake' to check CMake code style
[1.738s] -- Added test 'pep257' to check Python code against some of the docstring style conventions in PEP 257
[1.740s] -- Added test 'xmllint' to check XML markup files
[1.742s] -- Configuring done
[1.745s] -- Generating done
[1.746s] -- Build files have been written to: /home/ros2_ws/build/robot_description
[1.752s] Invoked command in '/home/ros2_ws/build/robot_description' returned '0': CMAKE_PREFIX_PATH=${CMAKE_PREFIX_PATH}:/opt/ros/humble /usr/bin/cmake /home/ros2_ws/src/robot_description -DCMAKE_INSTALL_PREFIX=/home/ros2_ws/install/robot_description
[1.754s] Invoking command in '/home/ros2_ws/build/robot_description': CMAKE_PREFIX_PATH=${CMAKE_PREFIX_PATH}:/opt/ros/humble /usr/bin/cmake --build /home/ros2_ws/build/robot_description -- -j8 -l8
[1.788s] Invoked command in '/home/ros2_ws/build/robot_description' returned '0': CMAKE_PREFIX_PATH=${CMAKE_PREFIX_PATH}:/opt/ros/humble /usr/bin/cmake --build /home/ros2_ws/build/robot_description -- -j8 -l8
[1.820s] Invoking command in '/home/ros2_ws/build/robot_description': CMAKE_PREFIX_PATH=${CMAKE_PREFIX_PATH}:/opt/ros/humble /usr/bin/cmake --install /home/ros2_ws/build/robot_description
[1.826s] -- Install configuration: ""
[1.827s] -- Installing: /home/ros2_ws/install/robot_description/share/robot_description/launch
[1.827s] -- Installing: /home/ros2_ws/install/robot_description/share/robot_description/launch/display.launch.py
[1.827s] -- Installing: /home/ros2_ws/install/robot_description/share/robot_description/urdf
[1.827s] -- Installing: /home/ros2_ws/install/robot_description/share/robot_description/urdf/robot_description.xacro
[1.827s] -- Installing: /home/ros2_ws/install/robot_description/share/robot_description/urdf/robot_description.urdf
[1.827s] -- Installing: /home/ros2_ws/install/robot_description/share/robot_description/config
[1.827s] -- Installing: /home/ros2_ws/install/robot_description/share/robot_description/config/link2_inertia.yaml
[1.827s] -- Installing: /home/ros2_ws/install/robot_description/share/robot_description/meshes
[1.827s] -- Installing: /home/ros2_ws/install/robot_description/share/robot_description/meshes/Base.stl
[1.827s] -- Installing: /home/ros2_ws/install/robot_description/share/robot_description/meshes/FusoDeRosca.stl
[1.828s] -- Installing: /home/ros2_ws/install/robot_description/share/robot_description/meshes/Motor1.stl
[1.828s] -- Installing: /home/ros2_ws/install/robot_description/share/robot_description/meshes/Estrutura2.stl
[1.828s] -- Installing: /home/ros2_ws/install/robot_description/share/robot_description/meshes/Motor2.stl
[1.828s] -- Installing: /home/ros2_ws/install/robot_description/share/robot_description/meshes/Bucha2.stl
[1.828s] -- Installing: /home/ros2_ws/install/robot_description/share/robot_description/meshes/Estrutura3.stl
[1.828s] -- Installing: /home/ros2_ws/install/robot_description/share/robot_description/meshes/Bucha1.stl
[1.828s] -- Installing: /home/ros2_ws/install/robot_description/share/robot_description/meshes/TampaLinkP.stl
[1.829s] -- Installing: /home/ros2_ws/install/robot_description/share/robot_description/meshes/Estrutura1.stl
[1.829s] -- Installing: /home/ros2_ws/install/robot_description/share/robot_description/meshes/Engrenagem1.stl
[1.829s] -- Installing: /home/ros2_ws/install/robot_description/share/robot_description/meshes/TampaLink2.stl
[1.829s] -- Installing: /home/ros2_ws/install/robot_description/share/robot_description/meshes/Asm1.cfg
[1.829s] -- Installing: /home/ros2_ws/install/robot_description/share/robot_description/meshes/Engrenagem2.stl
[1.829s] -- Installing: /home/ros2_ws/install/robot_description/share/robot_description/rviz2
[1.829s] -- Installing: /home/ros2_ws/install/robot_description/share/robot_description/rviz2/display.rviz
[1.829s] -- Installing: /home/ros2_ws/install/robot_description/share/ament_index/resource_index/package_run_dependencies/robot_description
[1.830s] -- Installing: /home/ros2_ws/install/robot_description/share/ament_index/resource_index/parent_prefix_path/robot_description
[1.830s] -- Installing: /home/ros2_ws/install/robot_description/share/robot_description/environment/ament_prefix_path.sh
[1.830s] -- Installing: /home/ros2_ws/install/robot_description/share/robot_description/environment/ament_prefix_path.dsv
[1.830s] -- Installing: /home/ros2_ws/install/robot_description/share/robot_description/environment/path.sh
[1.830s] -- Installing: /home/ros2_ws/install/robot_description/share/robot_description/environment/path.dsv
[1.830s] -- Installing: /home/ros2_ws/install/robot_description/share/robot_description/local_setup.bash
[1.830s] -- Installing: /home/ros2_ws/install/robot_description/share/robot_description/local_setup.sh
[1.830s] -- Installing: /home/ros2_ws/install/robot_description/share/robot_description/local_setup.zsh
[1.831s] -- Installing: /home/ros2_ws/install/robot_description/share/robot_description/local_setup.dsv
[1.831s] -- Installing: /home/ros2_ws/install/robot_description/share/robot_description/package.dsv
[1.831s] -- Installing: /home/ros2_ws/install/robot_description/share/ament_index/resource_index/packages/robot_description
[1.831s] -- Installing: /home/ros2_ws/install/robot_description/share/robot_description/cmake/robot_descriptionConfig.cmake
[1.831s] -- Installing: /home/ros2_ws/install/robot_description/share/robot_description/cmake/robot_descriptionConfig-version.cmake
[1.831s] -- Installing: /home/ros2_ws/install/robot_description/share/robot_description/package.xml
[1.833s] Invoked command in '/home/ros2_ws/build/robot_description' returned '0': CMAKE_PREFIX_PATH=${CMAKE_PREFIX_PATH}:/opt/ros/humble /usr/bin/cmake --install /home/ros2_ws/build/robot_description
