1733249241.1725211 [INFO] [launch]: All log files can be found below /home/ros2_ws/.ros/log/2024-12-03-15-07-21-171997-sabrina-Inspiron-3501-2707
1733249241.1726367 [INFO] [launch]: Default logging verbosity is set to INFO
1733249241.3091609 [INFO] [robot_state_publisher-1]: process started with pid [2708]
1733249241.3093488 [INFO] [joint_state_publisher-2]: process started with pid [2710]
1733249241.3094552 [INFO] [joint_state_publisher_gui-3]: process started with pid [2712]
1733249241.3095505 [INFO] [rviz2-4]: process started with pid [2714]
1733249242.9860196 [joint_state_publisher_gui-3] QStandardPaths: wrong permissions on runtime directory /tmp/runtime-ros2_ws, 0755 instead of 0700
1733249242.9864736 [joint_state_publisher_gui-3] QStandardPaths: wrong permissions on runtime directory /tmp/runtime-ros2_ws, 0755 instead of 0700
1733249243.0173733 [joint_state_publisher-2] [INFO] [1733249243.017076626] [joint_state_publisher]: Waiting for robot_description to be published on the robot_description topic...
1733249243.0406697 [joint_state_publisher_gui-3] [INFO] [1733249243.040420535] [joint_state_publisher_gui]: Waiting for robot_description to be published on the robot_description topic...
1733249243.1298189 [joint_state_publisher_gui-3] [INFO] [1733249243.129478606] [joint_state_publisher_gui]: Centering
1733249244.6766615 [joint_state_publisher_gui-3] MESA: error: Failed to query drm device.
1733249244.6792600 [joint_state_publisher_gui-3] libGL error: glx: failed to create dri3 screen
1733249244.6794894 [joint_state_publisher_gui-3] libGL error: failed to load driver: iris
1733249244.8260887 [joint_state_publisher_gui-3] [INFO] [1733249244.825794217] [joint_state_publisher_gui]: Centering
1733249380.0566511 [WARNING] [launch]: user interrupted with ctrl-c (SIGINT)
1733249380.0721593 [ERROR] [joint_state_publisher_gui-3]: process has died [pid 2712, exit code -2, cmd '/opt/ros/humble/lib/joint_state_publisher_gui/joint_state_publisher_gui --ros-args -r __node:=joint_state_publisher_gui'].
1733249380.1715384 [INFO] [robot_state_publisher-1]: process has finished cleanly [pid 2708]
1733249380.2230377 [INFO] [joint_state_publisher-2]: process has finished cleanly [pid 2710]
1733249380.2435653 [INFO] [rviz2-4]: process has finished cleanly [pid 2714]
