[INFO] [1734114260.973573552] [rviz2]: Stereo is NOT SUPPORTED
[INFO] [1734114260.973794934] [rviz2]: OpenGl version: 4.6 (GLSL 4.6)
[INFO] [1734114261.047693089] [rviz2]: Stereo is NOT SUPPORTED
[ERROR] [1734114870.506984643] [rviz2]: Error retrieving file [package://manipulator3/meshes/endeffec.stl]: Package [manipulator3] does not exist
[ERROR] [1734114870.507114364] [rviz2]: Error retrieving file [package://manipulator3/meshes/endeffec.stl]: Package [manipulator3] does not exist
[ERROR] [1734114870.507156319] [rviz2]: Error retrieving file [package://manipulator3/meshes/endeffec.stl]: Package [manipulator3] does not exist
[ERROR] [1734114870.507194936] [rviz2]: Error retrieving file [package://manipulator3/meshes/endeffec.stl]: Package [manipulator3] does not exist
[ERROR] [1734114870.508203136] [rviz2]: Error retrieving file [package://manipulator3/meshes/horizontal1.stl]: Package [manipulator3] does not exist
[ERROR] [1734114870.508261653] [rviz2]: Error retrieving file [package://manipulator3/meshes/horizontal1.stl]: Package [manipulator3] does not exist
[ERROR] [1734114870.508293377] [rviz2]: Error retrieving file [package://manipulator3/meshes/horizontal1.stl]: Package [manipulator3] does not exist
[ERROR] [1734114870.508322515] [rviz2]: Error retrieving file [package://manipulator3/meshes/horizontal1.stl]: Package [manipulator3] does not exist
[ERROR] [1734114870.508440288] [rviz2]: Error retrieving file [package://manipulator3/meshes/horizontal2.stl]: Package [manipulator3] does not exist
[ERROR] [1734114870.508484179] [rviz2]: Error retrieving file [package://manipulator3/meshes/horizontal2.stl]: Package [manipulator3] does not exist
[ERROR] [1734114870.508533273] [rviz2]: Error retrieving file [package://manipulator3/meshes/horizontal2.stl]: Package [manipulator3] does not exist
[ERROR] [1734114870.508576800] [rviz2]: Error retrieving file [package://manipulator3/meshes/horizontal2.stl]: Package [manipulator3] does not exist
[ERROR] [1734114870.508665404] [rviz2]: Error retrieving file [package://manipulator3/meshes/redonda.stl]: Package [manipulator3] does not exist
[ERROR] [1734114870.508711560] [rviz2]: Error retrieving file [package://manipulator3/meshes/redonda.stl]: Package [manipulator3] does not exist
[ERROR] [1734114870.508758707] [rviz2]: Error retrieving file [package://manipulator3/meshes/redonda.stl]: Package [manipulator3] does not exist
[ERROR] [1734114870.508790952] [rviz2]: Error retrieving file [package://manipulator3/meshes/redonda.stl]: Package [manipulator3] does not exist
[ERROR] [1734114870.508882699] [rviz2]: Error retrieving file [package://manipulator3/meshes/vertical1.stl]: Package [manipulator3] does not exist
[ERROR] [1734114870.508938002] [rviz2]: Error retrieving file [package://manipulator3/meshes/vertical1.stl]: Package [manipulator3] does not exist
[ERROR] [1734114870.508978837] [rviz2]: Error retrieving file [package://manipulator3/meshes/vertical1.stl]: Package [manipulator3] does not exist
[ERROR] [1734114870.509008243] [rviz2]: Error retrieving file [package://manipulator3/meshes/vertical1.stl]: Package [manipulator3] does not exist
[ERROR] [1734114870.509091464] [rviz2]: Error retrieving file [package://manipulator3/meshes/vertical2.stl]: Package [manipulator3] does not exist
[ERROR] [1734114870.509143023] [rviz2]: Error retrieving file [package://manipulator3/meshes/vertical2.stl]: Package [manipulator3] does not exist
[ERROR] [1734114870.509176063] [rviz2]: Error retrieving file [package://manipulator3/meshes/vertical2.stl]: Package [manipulator3] does not exist
[ERROR] [1734114870.509203256] [rviz2]: Error retrieving file [package://manipulator3/meshes/vertical2.stl]: Package [manipulator3] does not exist
[ERROR] [1734114951.477846261] [rviz2]: Error retrieving file [package://manipulator3/meshes/endeffec.stl]: Package [manipulator3] does not exist
[ERROR] [1734114951.477937826] [rviz2]: Error retrieving file [package://manipulator3/meshes/endeffec.stl]: Package [manipulator3] does not exist
[ERROR] [1734114951.477964137] [rviz2]: Error retrieving file [package://manipulator3/meshes/endeffec.stl]: Package [manipulator3] does not exist
[ERROR] [1734114951.478025701] [rviz2]: Error retrieving file [package://manipulator3/meshes/endeffec.stl]: Package [manipulator3] does not exist
[ERROR] [1734114951.478275819] [rviz2]: Error retrieving file [package://manipulator3/meshes/horizontal1.stl]: Package [manipulator3] does not exist
[ERROR] [1734114951.478310794] [rviz2]: Error retrieving file [package://manipulator3/meshes/horizontal1.stl]: Package [manipulator3] does not exist
[ERROR] [1734114951.478341534] [rviz2]: Error retrieving file [package://manipulator3/meshes/horizontal1.stl]: Package [manipulator3] does not exist
[ERROR] [1734114951.478368340] [rviz2]: Error retrieving file [package://manipulator3/meshes/horizontal1.stl]: Package [manipulator3] does not exist
[ERROR] [1734114951.478449067] [rviz2]: Error retrieving file [package://manipulator3/meshes/horizontal2.stl]: Package [manipulator3] does not exist
[ERROR] [1734114951.478476430] [rviz2]: Error retrieving file [package://manipulator3/meshes/horizontal2.stl]: Package [manipulator3] does not exist
[ERROR] [1734114951.478503568] [rviz2]: Error retrieving file [package://manipulator3/meshes/horizontal2.stl]: Package [manipulator3] does not exist
[ERROR] [1734114951.478537461] [rviz2]: Error retrieving file [package://manipulator3/meshes/horizontal2.stl]: Package [manipulator3] does not exist
[ERROR] [1734114951.478645799] [rviz2]: Error retrieving file [package://manipulator3/meshes/redonda.stl]: Package [manipulator3] does not exist
[ERROR] [1734114951.478692915] [rviz2]: Error retrieving file [package://manipulator3/meshes/redonda.stl]: Package [manipulator3] does not exist
[ERROR] [1734114951.478723143] [rviz2]: Error retrieving file [package://manipulator3/meshes/redonda.stl]: Package [manipulator3] does not exist
[ERROR] [1734114951.478754758] [rviz2]: Error retrieving file [package://manipulator3/meshes/redonda.stl]: Package [manipulator3] does not exist
[ERROR] [1734114951.478877812] [rviz2]: Error retrieving file [package://manipulator3/meshes/vertical1.stl]: Package [manipulator3] does not exist
[ERROR] [1734114951.478923545] [rviz2]: Error retrieving file [package://manipulator3/meshes/vertical1.stl]: Package [manipulator3] does not exist
[ERROR] [1734114951.478954778] [rviz2]: Error retrieving file [package://manipulator3/meshes/vertical1.stl]: Package [manipulator3] does not exist
[ERROR] [1734114951.478995503] [rviz2]: Error retrieving file [package://manipulator3/meshes/vertical1.stl]: Package [manipulator3] does not exist
[ERROR] [1734114951.479112355] [rviz2]: Error retrieving file [package://manipulator3/meshes/vertical2.stl]: Package [manipulator3] does not exist
[ERROR] [1734114951.479152419] [rviz2]: Error retrieving file [package://manipulator3/meshes/vertical2.stl]: Package [manipulator3] does not exist
[ERROR] [1734114951.479181167] [rviz2]: Error retrieving file [package://manipulator3/meshes/vertical2.stl]: Package [manipulator3] does not exist
[ERROR] [1734114951.479206782] [rviz2]: Error retrieving file [package://manipulator3/meshes/vertical2.stl]: Package [manipulator3] does not exist
[ERROR] [1734114983.468014467] [rviz2]: Error retrieving file [package://manipulator3/meshes/endeffec.stl]: Package [manipulator3] does not exist
[ERROR] [1734114983.468098944] [rviz2]: Error retrieving file [package://manipulator3/meshes/endeffec.stl]: Package [manipulator3] does not exist
[ERROR] [1734114983.468134587] [rviz2]: Error retrieving file [package://manipulator3/meshes/endeffec.stl]: Package [manipulator3] does not exist
[ERROR] [1734114983.468168323] [rviz2]: Error retrieving file [package://manipulator3/meshes/endeffec.stl]: Package [manipulator3] does not exist
[ERROR] [1734114983.468603635] [rviz2]: Error retrieving file [package://manipulator3/meshes/horizontal1.stl]: Package [manipulator3] does not exist
[ERROR] [1734114983.468663356] [rviz2]: Error retrieving file [package://manipulator3/meshes/horizontal1.stl]: Package [manipulator3] does not exist
[ERROR] [1734114983.468702479] [rviz2]: Error retrieving file [package://manipulator3/meshes/horizontal1.stl]: Package [manipulator3] does not exist
[ERROR] [1734114983.468779097] [rviz2]: Error retrieving file [package://manipulator3/meshes/horizontal1.stl]: Package [manipulator3] does not exist
[ERROR] [1734114983.468926159] [rviz2]: Error retrieving file [package://manipulator3/meshes/horizontal2.stl]: Package [manipulator3] does not exist
[ERROR] [1734114983.468980597] [rviz2]: Error retrieving file [package://manipulator3/meshes/horizontal2.stl]: Package [manipulator3] does not exist
[ERROR] [1734114983.469025545] [rviz2]: Error retrieving file [package://manipulator3/meshes/horizontal2.stl]: Package [manipulator3] does not exist
[ERROR] [1734114983.469067394] [rviz2]: Error retrieving file [package://manipulator3/meshes/horizontal2.stl]: Package [manipulator3] does not exist
[ERROR] [1734114983.469216479] [rviz2]: Error retrieving file [package://manipulator3/meshes/redonda.stl]: Package [manipulator3] does not exist
[ERROR] [1734114983.469288840] [rviz2]: Error retrieving file [package://manipulator3/meshes/redonda.stl]: Package [manipulator3] does not exist
[ERROR] [1734114983.469337895] [rviz2]: Error retrieving file [package://manipulator3/meshes/redonda.stl]: Package [manipulator3] does not exist
[ERROR] [1734114983.469383903] [rviz2]: Error retrieving file [package://manipulator3/meshes/redonda.stl]: Package [manipulator3] does not exist
[ERROR] [1734114983.469509190] [rviz2]: Error retrieving file [package://manipulator3/meshes/vertical1.stl]: Package [manipulator3] does not exist
[ERROR] [1734114983.469566139] [rviz2]: Error retrieving file [package://manipulator3/meshes/vertical1.stl]: Package [manipulator3] does not exist
[ERROR] [1734114983.469617254] [rviz2]: Error retrieving file [package://manipulator3/meshes/vertical1.stl]: Package [manipulator3] does not exist
[ERROR] [1734114983.469664300] [rviz2]: Error retrieving file [package://manipulator3/meshes/vertical1.stl]: Package [manipulator3] does not exist
[ERROR] [1734114983.469796378] [rviz2]: Error retrieving file [package://manipulator3/meshes/vertical2.stl]: Package [manipulator3] does not exist
[ERROR] [1734114983.469859793] [rviz2]: Error retrieving file [package://manipulator3/meshes/vertical2.stl]: Package [manipulator3] does not exist
[ERROR] [1734114983.469909189] [rviz2]: Error retrieving file [package://manipulator3/meshes/vertical2.stl]: Package [manipulator3] does not exist
[ERROR] [1734114983.469955866] [rviz2]: Error retrieving file [package://manipulator3/meshes/vertical2.stl]: Package [manipulator3] does not exist
[ERROR] [1734115187.153379167] [rviz2]: Error retrieving file [package://manipulator3/meshes/endeffec.stl]: Package [manipulator3] does not exist
[ERROR] [1734115187.153449157] [rviz2]: Error retrieving file [package://manipulator3/meshes/endeffec.stl]: Package [manipulator3] does not exist
[ERROR] [1734115187.153475172] [rviz2]: Error retrieving file [package://manipulator3/meshes/endeffec.stl]: Package [manipulator3] does not exist
[ERROR] [1734115187.153498034] [rviz2]: Error retrieving file [package://manipulator3/meshes/endeffec.stl]: Package [manipulator3] does not exist
[ERROR] [1734115187.153729111] [rviz2]: Error retrieving file [package://manipulator3/meshes/horizontal1.stl]: Package [manipulator3] does not exist
[ERROR] [1734115187.153763579] [rviz2]: Error retrieving file [package://manipulator3/meshes/horizontal1.stl]: Package [manipulator3] does not exist
[ERROR] [1734115187.153787993] [rviz2]: Error retrieving file [package://manipulator3/meshes/horizontal1.stl]: Package [manipulator3] does not exist
[ERROR] [1734115187.153818563] [rviz2]: Error retrieving file [package://manipulator3/meshes/horizontal1.stl]: Package [manipulator3] does not exist
[ERROR] [1734115187.153909872] [rviz2]: Error retrieving file [package://manipulator3/meshes/horizontal2.stl]: Package [manipulator3] does not exist
[ERROR] [1734115187.153944535] [rviz2]: Error retrieving file [package://manipulator3/meshes/horizontal2.stl]: Package [manipulator3] does not exist
[ERROR] [1734115187.153975102] [rviz2]: Error retrieving file [package://manipulator3/meshes/horizontal2.stl]: Package [manipulator3] does not exist
[ERROR] [1734115187.154047104] [rviz2]: Error retrieving file [package://manipulator3/meshes/horizontal2.stl]: Package [manipulator3] does not exist
[ERROR] [1734115187.154154660] [rviz2]: Error retrieving file [package://manipulator3/meshes/redonda.stl]: Package [manipulator3] does not exist
[ERROR] [1734115187.154195179] [rviz2]: Error retrieving file [package://manipulator3/meshes/redonda.stl]: Package [manipulator3] does not exist
[ERROR] [1734115187.154225617] [rviz2]: Error retrieving file [package://manipulator3/meshes/redonda.stl]: Package [manipulator3] does not exist
[ERROR] [1734115187.154260127] [rviz2]: Error retrieving file [package://manipulator3/meshes/redonda.stl]: Package [manipulator3] does not exist
[ERROR] [1734115187.154343339] [rviz2]: Error retrieving file [package://manipulator3/meshes/vertical1.stl]: Package [manipulator3] does not exist
[ERROR] [1734115187.154372444] [rviz2]: Error retrieving file [package://manipulator3/meshes/vertical1.stl]: Package [manipulator3] does not exist
[ERROR] [1734115187.154410174] [rviz2]: Error retrieving file [package://manipulator3/meshes/vertical1.stl]: Package [manipulator3] does not exist
[ERROR] [1734115187.154444156] [rviz2]: Error retrieving file [package://manipulator3/meshes/vertical1.stl]: Package [manipulator3] does not exist
[ERROR] [1734115187.154540325] [rviz2]: Error retrieving file [package://manipulator3/meshes/vertical2.stl]: Package [manipulator3] does not exist
[ERROR] [1734115187.154572068] [rviz2]: Error retrieving file [package://manipulator3/meshes/vertical2.stl]: Package [manipulator3] does not exist
[ERROR] [1734115187.154605008] [rviz2]: Error retrieving file [package://manipulator3/meshes/vertical2.stl]: Package [manipulator3] does not exist
[ERROR] [1734115187.154647442] [rviz2]: Error retrieving file [package://manipulator3/meshes/vertical2.stl]: Package [manipulator3] does not exist
[ERROR] [1734115200.651362265] [rviz2]: Error retrieving file [package://manipulator3/meshes/endeffec.stl]: Package [manipulator3] does not exist
[ERROR] [1734115200.651461252] [rviz2]: Error retrieving file [package://manipulator3/meshes/endeffec.stl]: Package [manipulator3] does not exist
[ERROR] [1734115200.651492298] [rviz2]: Error retrieving file [package://manipulator3/meshes/endeffec.stl]: Package [manipulator3] does not exist
[ERROR] [1734115200.651520168] [rviz2]: Error retrieving file [package://manipulator3/meshes/endeffec.stl]: Package [manipulator3] does not exist
[ERROR] [1734115200.651633427] [rviz2]: Error retrieving file [package://manipulator3/meshes/horizontal1.stl]: Package [manipulator3] does not exist
[ERROR] [1734115200.651660154] [rviz2]: Error retrieving file [package://manipulator3/meshes/horizontal1.stl]: Package [manipulator3] does not exist
[ERROR] [1734115200.651682408] [rviz2]: Error retrieving file [package://manipulator3/meshes/horizontal1.stl]: Package [manipulator3] does not exist
[ERROR] [1734115200.651703924] [rviz2]: Error retrieving file [package://manipulator3/meshes/horizontal1.stl]: Package [manipulator3] does not exist
[ERROR] [1734115200.651761936] [rviz2]: Error retrieving file [package://manipulator3/meshes/horizontal2.stl]: Package [manipulator3] does not exist
[ERROR] [1734115200.651787172] [rviz2]: Error retrieving file [package://manipulator3/meshes/horizontal2.stl]: Package [manipulator3] does not exist
[ERROR] [1734115200.651819794] [rviz2]: Error retrieving file [package://manipulator3/meshes/horizontal2.stl]: Package [manipulator3] does not exist
[ERROR] [1734115200.651844117] [rviz2]: Error retrieving file [package://manipulator3/meshes/horizontal2.stl]: Package [manipulator3] does not exist
[ERROR] [1734115200.651905873] [rviz2]: Error retrieving file [package://manipulator3/meshes/redonda.stl]: Package [manipulator3] does not exist
[ERROR] [1734115200.651938585] [rviz2]: Error retrieving file [package://manipulator3/meshes/redonda.stl]: Package [manipulator3] does not exist
[ERROR] [1734115200.652022147] [rviz2]: Error retrieving file [package://manipulator3/meshes/redonda.stl]: Package [manipulator3] does not exist
[ERROR] [1734115200.652054047] [rviz2]: Error retrieving file [package://manipulator3/meshes/redonda.stl]: Package [manipulator3] does not exist
[ERROR] [1734115200.652147805] [rviz2]: Error retrieving file [package://manipulator3/meshes/vertical1.stl]: Package [manipulator3] does not exist
[ERROR] [1734115200.652186818] [rviz2]: Error retrieving file [package://manipulator3/meshes/vertical1.stl]: Package [manipulator3] does not exist
[ERROR] [1734115200.652220735] [rviz2]: Error retrieving file [package://manipulator3/meshes/vertical1.stl]: Package [manipulator3] does not exist
[ERROR] [1734115200.652255850] [rviz2]: Error retrieving file [package://manipulator3/meshes/vertical1.stl]: Package [manipulator3] does not exist
[ERROR] [1734115200.652365080] [rviz2]: Error retrieving file [package://manipulator3/meshes/vertical2.stl]: Package [manipulator3] does not exist
[ERROR] [1734115200.652402611] [rviz2]: Error retrieving file [package://manipulator3/meshes/vertical2.stl]: Package [manipulator3] does not exist
[ERROR] [1734115200.652436296] [rviz2]: Error retrieving file [package://manipulator3/meshes/vertical2.stl]: Package [manipulator3] does not exist
[ERROR] [1734115200.652476331] [rviz2]: Error retrieving file [package://manipulator3/meshes/vertical2.stl]: Package [manipulator3] does not exist
[ERROR] [1734115217.837336222] [rviz2]: Error retrieving file [package://manipulator3/meshes/endeffec.stl]: Package [manipulator3] does not exist
[ERROR] [1734115217.837439906] [rviz2]: Error retrieving file [package://manipulator3/meshes/endeffec.stl]: Package [manipulator3] does not exist
[ERROR] [1734115217.837471094] [rviz2]: Error retrieving file [package://manipulator3/meshes/endeffec.stl]: Package [manipulator3] does not exist
[ERROR] [1734115217.837493918] [rviz2]: Error retrieving file [package://manipulator3/meshes/endeffec.stl]: Package [manipulator3] does not exist
[ERROR] [1734115217.837773890] [rviz2]: Error retrieving file [package://manipulator3/meshes/horizontal1.stl]: Package [manipulator3] does not exist
[ERROR] [1734115217.837814823] [rviz2]: Error retrieving file [package://manipulator3/meshes/horizontal1.stl]: Package [manipulator3] does not exist
[ERROR] [1734115217.837850016] [rviz2]: Error retrieving file [package://manipulator3/meshes/horizontal1.stl]: Package [manipulator3] does not exist
[ERROR] [1734115217.837883687] [rviz2]: Error retrieving file [package://manipulator3/meshes/horizontal1.stl]: Package [manipulator3] does not exist
[ERROR] [1734115217.838008660] [rviz2]: Error retrieving file [package://manipulator3/meshes/horizontal2.stl]: Package [manipulator3] does not exist
[ERROR] [1734115217.838047418] [rviz2]: Error retrieving file [package://manipulator3/meshes/horizontal2.stl]: Package [manipulator3] does not exist
[ERROR] [1734115217.838090620] [rviz2]: Error retrieving file [package://manipulator3/meshes/horizontal2.stl]: Package [manipulator3] does not exist
[ERROR] [1734115217.838114724] [rviz2]: Error retrieving file [package://manipulator3/meshes/horizontal2.stl]: Package [manipulator3] does not exist
[ERROR] [1734115217.838183093] [rviz2]: Error retrieving file [package://manipulator3/meshes/redonda.stl]: Package [manipulator3] does not exist
[ERROR] [1734115217.838209275] [rviz2]: Error retrieving file [package://manipulator3/meshes/redonda.stl]: Package [manipulator3] does not exist
[ERROR] [1734115217.838235965] [rviz2]: Error retrieving file [package://manipulator3/meshes/redonda.stl]: Package [manipulator3] does not exist
[ERROR] [1734115217.838270837] [rviz2]: Error retrieving file [package://manipulator3/meshes/redonda.stl]: Package [manipulator3] does not exist
[ERROR] [1734115217.838362450] [rviz2]: Error retrieving file [package://manipulator3/meshes/vertical1.stl]: Package [manipulator3] does not exist
[ERROR] [1734115217.838397299] [rviz2]: Error retrieving file [package://manipulator3/meshes/vertical1.stl]: Package [manipulator3] does not exist
[ERROR] [1734115217.838450687] [rviz2]: Error retrieving file [package://manipulator3/meshes/vertical1.stl]: Package [manipulator3] does not exist
[ERROR] [1734115217.838474809] [rviz2]: Error retrieving file [package://manipulator3/meshes/vertical1.stl]: Package [manipulator3] does not exist
[ERROR] [1734115217.838558951] [rviz2]: Error retrieving file [package://manipulator3/meshes/vertical2.stl]: Package [manipulator3] does not exist
[ERROR] [1734115217.838601365] [rviz2]: Error retrieving file [package://manipulator3/meshes/vertical2.stl]: Package [manipulator3] does not exist
[ERROR] [1734115217.838641605] [rviz2]: Error retrieving file [package://manipulator3/meshes/vertical2.stl]: Package [manipulator3] does not exist
[ERROR] [1734115217.838685098] [rviz2]: Error retrieving file [package://manipulator3/meshes/vertical2.stl]: Package [manipulator3] does not exist
[ERROR] [1734115232.621129335] [rviz2]: Error retrieving file [package://manipulator3/meshes/endeffec.stl]: Package [manipulator3] does not exist
[ERROR] [1734115232.621222013] [rviz2]: Error retrieving file [package://manipulator3/meshes/endeffec.stl]: Package [manipulator3] does not exist
[ERROR] [1734115232.621247949] [rviz2]: Error retrieving file [package://manipulator3/meshes/endeffec.stl]: Package [manipulator3] does not exist
[ERROR] [1734115232.621270905] [rviz2]: Error retrieving file [package://manipulator3/meshes/endeffec.stl]: Package [manipulator3] does not exist
[ERROR] [1734115232.621379276] [rviz2]: Error retrieving file [package://manipulator3/meshes/horizontal1.stl]: Package [manipulator3] does not exist
[ERROR] [1734115232.621408104] [rviz2]: Error retrieving file [package://manipulator3/meshes/horizontal1.stl]: Package [manipulator3] does not exist
[ERROR] [1734115232.621431610] [rviz2]: Error retrieving file [package://manipulator3/meshes/horizontal1.stl]: Package [manipulator3] does not exist
[ERROR] [1734115232.621454132] [rviz2]: Error retrieving file [package://manipulator3/meshes/horizontal1.stl]: Package [manipulator3] does not exist
[ERROR] [1734115232.621515765] [rviz2]: Error retrieving file [package://manipulator3/meshes/horizontal2.stl]: Package [manipulator3] does not exist
[ERROR] [1734115232.621542116] [rviz2]: Error retrieving file [package://manipulator3/meshes/horizontal2.stl]: Package [manipulator3] does not exist
[ERROR] [1734115232.621565203] [rviz2]: Error retrieving file [package://manipulator3/meshes/horizontal2.stl]: Package [manipulator3] does not exist
[ERROR] [1734115232.621589935] [rviz2]: Error retrieving file [package://manipulator3/meshes/horizontal2.stl]: Package [manipulator3] does not exist
[ERROR] [1734115232.621646229] [rviz2]: Error retrieving file [package://manipulator3/meshes/redonda.stl]: Package [manipulator3] does not exist
[ERROR] [1734115232.621671548] [rviz2]: Error retrieving file [package://manipulator3/meshes/redonda.stl]: Package [manipulator3] does not exist
[ERROR] [1734115232.621694359] [rviz2]: Error retrieving file [package://manipulator3/meshes/redonda.stl]: Package [manipulator3] does not exist
[ERROR] [1734115232.621716909] [rviz2]: Error retrieving file [package://manipulator3/meshes/redonda.stl]: Package [manipulator3] does not exist
[ERROR] [1734115232.621774974] [rviz2]: Error retrieving file [package://manipulator3/meshes/vertical1.stl]: Package [manipulator3] does not exist
[ERROR] [1734115232.621799952] [rviz2]: Error retrieving file [package://manipulator3/meshes/vertical1.stl]: Package [manipulator3] does not exist
[ERROR] [1734115232.621844055] [rviz2]: Error retrieving file [package://manipulator3/meshes/vertical1.stl]: Package [manipulator3] does not exist
[ERROR] [1734115232.621877153] [rviz2]: Error retrieving file [package://manipulator3/meshes/vertical1.stl]: Package [manipulator3] does not exist
[ERROR] [1734115232.621965405] [rviz2]: Error retrieving file [package://manipulator3/meshes/vertical2.stl]: Package [manipulator3] does not exist
[ERROR] [1734115232.621995452] [rviz2]: Error retrieving file [package://manipulator3/meshes/vert