1733252845.3619668 [INFO] [launch]: All log files can be found below /home/ros2_ws/.ros/log/2024-12-03-16-07-25-361385-sabrina-Inspiron-3501-2903
1733252845.3621023 [INFO] [launch]: Default logging verbosity is set to INFO
1733252845.4406173 [INFO] [robot_state_publisher-1]: process started with pid [2904]
1733252845.4410992 [INFO] [joint_state_publisher-2]: process started with pid [2906]
1733252845.4414282 [INFO] [joint_state_publisher_gui-3]: process started with pid [2908]
1733252845.4417276 [INFO] [rviz2-4]: process started with pid [2910]
1733252845.7330320 [joint_state_publisher_gui-3] QStandardPaths: wrong permissions on runtime directory /tmp/runtime-ros2_ws, 0755 instead of 0700
1733252845.7335052 [joint_state_publisher_gui-3] QStandardPaths: wrong permissions on runtime directory /tmp/runtime-ros2_ws, 0755 instead of 0700
1733252845.7733617 [joint_state_publisher-2] [INFO] [1733252845.773065633] [joint_state_publisher]: Waiting for robot_description to be published on the robot_description topic...
1733252845.7851322 [joint_state_publisher_gui-3] [INFO] [1733252845.784897184] [joint_state_publisher_gui]: Waiting for robot_description to be published on the robot_description topic...
1733252845.7984776 [joint_state_publisher_gui-3] [INFO] [1733252845.798246847] [joint_state_publisher_gui]: Centering
1733252845.8396294 [joint_state_publisher_gui-3] MESA: error: Failed to query drm device.
1733252845.8397844 [joint_state_publisher_gui-3] libGL error: glx: failed to create dri3 screen
1733252845.8398507 [joint_state_publisher_gui-3] libGL error: failed to load driver: iris
1733252845.9005153 [joint_state_publisher_gui-3] [INFO] [1733252845.900086715] [joint_state_publisher_gui]: Centering
1733252869.2124124 [joint_state_publisher_gui-3] [INFO] [1733252869.211868718] [joint_state_publisher_gui]: Centering
1733252892.7658911 [WARNING] [launch]: user interrupted with ctrl-c (SIGINT)
1733252892.7823792 [ERROR] [joint_state_publisher_gui-3]: process has died [pid 2908, exit code -2, cmd '/opt/ros/humble/lib/joint_state_publisher_gui/joint_state_publisher_gui --ros-args -r __node:=joint_state_publisher_gui'].
1733252892.8817370 [INFO] [robot_state_publisher-1]: process has finished cleanly [pid 2904]
1733252892.9215133 [INFO] [joint_state_publisher-2]: process has finished cleanly [pid 2906]
1733252892.9541237 [INFO] [rviz2-4]: process has finished cleanly [pid 2910]
