1734195656.5287356 [DEBUG] [launch.launch_context]: emitting event synchronously: 'launch.events.IncludeLaunchDescription'
1734195656.5293407 [INFO] [launch]: All log files can be found below /home/ros2_ws/.ros/log/2024-12-14-14-00-56-528373-sabrina-Inspiron-3501-5342
1734195656.5294328 [INFO] [launch]: Default logging verbosity is set to DEBUG
1734195656.5304894 [DEBUG] [launch]: processing event: '<launch.events.include_launch_description.IncludeLaunchDescription object at 0x7357db1a3ee0>'
1734195656.5305882 [DEBUG] [launch]: processing event: '<launch.events.include_launch_description.IncludeLaunchDescription object at 0x7357db1a3ee0>' ✓ '<launch.event_handlers.on_include_launch_description.OnIncludeLaunchDescription object at 0x7357dbde35b0>'
1734195657.1529336 [INFO] [robot_state_publisher-1]: process started with pid [5343]
1734195657.1531899 [DEBUG] [launch.launch_context]: emitting event: 'launch.events.process.ProcessStarted'
1734195657.1533983 [INFO] [joint_state_publisher-2]: process started with pid [5345]
1734195657.1535382 [DEBUG] [launch.launch_context]: emitting event: 'launch.events.process.ProcessStarted'
1734195657.1536417 [INFO] [gzserver-3]: process started with pid [5347]
1734195657.1537585 [DEBUG] [launch.launch_context]: emitting event: 'launch.events.process.ProcessStarted'
1734195657.1538823 [INFO] [gzclient-4]: process started with pid [5349]
1734195657.1543570 [DEBUG] [launch.launch_context]: emitting event: 'launch.events.process.ProcessStarted'
1734195657.1546795 [INFO] [spawn_entity.py-5]: process started with pid [5351]
1734195657.1550329 [DEBUG] [launch.launch_context]: emitting event: 'launch.events.process.ProcessStarted'
1734195657.1553574 [DEBUG] [launch]: processing event: '<launch.events.process.process_started.ProcessStarted object at 0x7357db1a0b80>'
1734195657.1563580 [DEBUG] [launch]: processing event: '<launch.events.process.process_started.ProcessStarted object at 0x7357da390a90>'
1734195657.1573870 [DEBUG] [launch]: processing event: '<launch.events.process.process_started.ProcessStarted object at 0x7357da393a60>'
1734195657.1583273 [DEBUG] [launch]: processing event: '<launch.events.process.process_started.ProcessStarted object at 0x7357da391030>'
1734195657.1591928 [DEBUG] [launch]: processing event: '<launch.events.process.process_started.ProcessStarted object at 0x7357da390d60>'
1734195657.2254441 [DEBUG] [launch.launch_context]: emitting event synchronously: 'launch.events.process.ProcessStderr'
1734195657.2264149 [DEBUG] [launch]: processing event: '<launch.events.process.process_stderr.ProcessStderr object at 0x7357da390d60>'
1734195657.2277300 [DEBUG] [launch]: processing event: '<launch.events.process.process_stderr.ProcessStderr object at 0x7357da390d60>' ✓ '<launch.event_handlers.on_process_io.OnProcessIO object at 0x7357da333dc0>'
1734195657.2285540 [DEBUG] [launch.launch_context]: emitting event synchronously: 'launch.events.process.ProcessStderr'
1734195657.2295444 [DEBUG] [launch]: processing event: '<launch.events.process.process_stderr.ProcessStderr object at 0x7357da393a60>'
1734195657.2298470 [DEBUG] [launch]: processing event: '<launch.events.process.process_stderr.ProcessStderr object at 0x7357da393a60>' ✓ '<launch.event_handlers.on_process_io.OnProcessIO object at 0x7357da333dc0>'
1734195657.7869077 [DEBUG] [launch.launch_context]: emitting event synchronously: 'launch.events.process.ProcessStderr'
1734195657.7871623 [DEBUG] [launch]: processing event: '<launch.events.process.process_stderr.ProcessStderr object at 0x7357db1a0b80>'
1734195657.7872815 [DEBUG] [launch]: processing event: '<launch.events.process.process_stderr.ProcessStderr object at 0x7357db1a0b80>' ✓ '<launch.event_handlers.on_process_io.OnProcessIO object at 0x7357da6a2770>'
1734195657.8157136 [DEBUG] [launch.launch_context]: emitting event synchronously: 'launch.events.process.ProcessStderr'
1734195657.8161569 [DEBUG] [launch]: processing event: '<launch.events.process.process_stderr.ProcessStderr object at 0x7357da390400>'
1734195657.8163712 [DEBUG] [launch]: processing event: '<launch.events.process.process_stderr.ProcessStderr object at 0x7357da390400>' ✓ '<launch.event_handlers.on_process_io.OnProcessIO object at 0x7357da391c00>'
1734195657.8173223 [DEBUG] [launch.launch_context]: emitting event synchronously: 'launch.events.process.ProcessStderr'
1734195657.8174505 [DEBUG] [launch]: processing event: '<launch.events.process.process_stderr.ProcessStderr object at 0x7357dbd8fbb0>'
1734195657.8175623 [DEBUG] [launch]: processing event: '<launch.events.process.process_stderr.ProcessStderr object at 0x7357dbd8fbb0>' ✓ '<launch.event_handlers.on_process_io.OnProcessIO object at 0x7357da391c00>'
1734195657.8194265 [DEBUG] [launch.launch_context]: emitting event synchronously: 'launch.events.process.ProcessStderr'
1734195657.8196156 [DEBUG] [launch]: processing event: '<launch.events.process.process_stderr.ProcessStderr object at 0x7357db1a0b80>'
1734195657.8196898 [DEBUG] [launch]: processing event: '<launch.events.process.process_stderr.ProcessStderr object at 0x7357db1a0b80>' ✓ '<launch.event_handlers.on_process_io.OnProcessIO object at 0x7357da391c00>'
1734195657.8304415 [DEBUG] [launch.launch_context]: emitting event synchronously: 'launch.events.process.ProcessStderr'
1734195657.8307860 [DEBUG] [launch]: processing event: '<launch.events.process.process_stderr.ProcessStderr object at 0x7357da391030>'
1734195657.8309350 [DEBUG] [launch]: processing event: '<launch.events.process.process_stderr.ProcessStderr object at 0x7357da391030>' ✓ '<launch.event_handlers.on_process_io.OnProcessIO object at 0x7357da391c00>'
1734195657.8313899 [DEBUG] [launch.launch_context]: emitting event synchronously: 'launch.events.process.ProcessStderr'
1734195657.8319376 [DEBUG] [launch]: processing event: '<launch.events.process.process_stderr.ProcessStderr object at 0x7357da390d60>'
1734195657.8320663 [DEBUG] [launch]: processing event: '<launch.events.process.process_stderr.ProcessStderr object at 0x7357da390d60>' ✓ '<launch.event_handlers.on_process_io.OnProcessIO object at 0x7357da391c00>'
1734195658.0767255 [DEBUG] [launch.launch_context]: emitting event synchronously: 'launch.events.process.ProcessStderr'
1734195658.0770607 [DEBUG] [launch]: processing event: '<launch.events.process.process_stderr.ProcessStderr object at 0x7357db1a0b80>'
1734195658.0772181 [DEBUG] [launch]: processing event: '<launch.events.process.process_stderr.ProcessStderr object at 0x7357db1a0b80>' ✓ '<launch.event_handlers.on_process_io.OnProcessIO object at 0x7357da35c5b0>'
1734195658.0845966 [DEBUG] [launch.launch_context]: emitting event synchronously: 'launch.events.process.ProcessStderr'
1734195658.0848558 [DEBUG] [launch]: processing event: '<launch.events.process.process_stderr.ProcessStderr object at 0x7357da390640>'
1734195658.0849540 [DEBUG] [launch]: processing event: '<launch.events.process.process_stderr.ProcessStderr object at 0x7357da390640>' ✓ '<launch.event_handlers.on_process_io.OnProcessIO object at 0x7357da391c00>'
1734195658.2986825 [DEBUG] [launch.launch_context]: emitting event synchronously: 'launch.events.process.ProcessStderr'
1734195658.2989695 [DEBUG] [launch]: processing event: '<launch.events.process.process_stderr.ProcessStderr object at 0x7357da390400>'
1734195658.2990749 [DEBUG] [launch]: processing event: '<launch.events.process.process_stderr.ProcessStderr object at 0x7357da390400>' ✓ '<launch.event_handlers.on_process_io.OnProcessIO object at 0x7357da391c00>'
1734195658.4309959 [INFO] [spawn_entity.py-5]: process has finished cleanly [pid 5351]
1734195658.4311287 [DEBUG] [launch.launch_context]: emitting event: 'launch.events.process.ProcessExited'
1734195658.4313729 [DEBUG] [launch]: processing event: '<launch.events.process.process_exited.ProcessExited object at 0x7357db1a0b80>'
1734195658.4314530 [DEBUG] [launch]: processing event: '<launch.events.process.process_exited.ProcessExited object at 0x7357db1a0b80>' ✓ '<launch.event_handlers.on_process_exit.OnProcessExit object at 0x7357da3919c0>'
1734195658.4315500 [DEBUG] [launch]: processing event: '<launch.events.process.process_exited.ProcessExited object at 0x7357db1a0b80>' ✓ '<launch.event_handlers.on_process_exit.OnProcessExit object at 0x7357da391ab0>'
1734196022.6810358 [WARNING] [launch]: user interrupted with ctrl-c (SIGINT)
1734196022.6814628 [DEBUG] [launch.launch_context]: emitting event synchronously: 'launch.events.Shutdown'
1734196022.6822300 [DEBUG] [launch]: processing event: '<launch.events.shutdown.Shutdown object at 0x7357da390400>'
1734196022.6824980 [DEBUG] [launch]: processing event: '<launch.events.shutdown.Shutdown object at 0x7357da390400>' ✓ '<launch.event_handlers.on_shutdown.OnShutdown object at 0x7357da391b70>'
1734196022.6827798 [DEBUG] [launch]: processing event: '<launch.events.shutdown.Shutdown object at 0x7357da390400>' ✓ '<launch.event_handlers.on_shutdown.OnShutdown object at 0x7357da391db0>'
1734196022.6865358 [DEBUG] [launch]: processing event: '<launch.events.shutdown.Shutdown object at 0x7357da390400>' ✓ '<launch.event_handlers.on_shutdown.OnShutdown object at 0x7357da35c2b0>'
1734196022.6892471 [DEBUG] [launch]: processing event: '<launch.events.shutdown.Shutdown object at 0x7357da390400>' ✓ '<launch.event_handlers.on_shutdown.OnShutdown object at 0x7357da6a2800>'
1734196022.6914372 [DEBUG] [launch]: processing event: '<launch.events.shutdown.Shutdown object at 0x7357da390400>' ✓ '<launch.event_handlers.on_shutdown.OnShutdown object at 0x7357da333df0>'
1734196022.6936553 [DEBUG] [launch]: processing event: '<launch.events.shutdown.Shutdown object at 0x7357da390400>' ✓ '<launch.event_handlers.on_shutdown.OnShutdown object at 0x7357dbde1cf0>'
1734196022.6941161 [DEBUG] [launch.launch_context]: emitting event synchronously: 'launch.events.process.ProcessStderr'
1734196022.6973429 [DEBUG] [launch]: processing event: '<launch.events.process.process_stderr.ProcessStderr object at 0x7357da88d180>'
1734196022.6975904 [DEBUG] [launch]: processing event: '<launch.events.process.process_stderr.ProcessStderr object at 0x7357da88d180>' ✓ '<launch.event_handlers.on_process_io.OnProcessIO object at 0x7357da333dc0>'
1734196022.7979476 [INFO] [robot_state_publisher-1]: process has finished cleanly [pid 5343]
1734196022.7981300 [DEBUG] [launch.launch_context]: emitting event: 'launch.events.process.ProcessExited'
1734196022.7986796 [DEBUG] [launch]: processing event: '<launch.events.process.process_exited.ProcessExited object at 0x7357db1a0b80>'
1734196022.7988515 [DEBUG] [launch]: processing event: '<launch.events.process.process_exited.ProcessExited object at 0x7357db1a0b80>' ✓ '<launch.event_handlers.on_process_exit.OnProcessExit object at 0x7357da333b20>'
1734196022.7990303 [DEBUG] [launch]: processing event: '<launch.events.process.process_exited.ProcessExited object at 0x7357db1a0b80>' ✓ '<launch.event_handlers.on_process_exit.OnProcessExit object at 0x7357da333c70>'
1734196022.8318021 [INFO] [joint_state_publisher-2]: process has finished cleanly [pid 5345]
1734196022.8319516 [DEBUG] [launch.launch_context]: emitting event: 'launch.events.process.ProcessExited'
1734196022.8322723 [DEBUG] [launch]: processing event: '<launch.events.process.process_exited.ProcessExited object at 0x7357da88d180>'
1734196022.8323829 [DEBUG] [launch]: processing event: '<launch.events.process.process_exited.ProcessExited object at 0x7357da88d180>' ✓ '<launch.event_handlers.on_process_exit.OnProcessExit object at 0x7357da6a2a40>'
1734196022.8324773 [DEBUG] [launch]: processing event: '<launch.events.process.process_exited.ProcessExited object at 0x7357da88d180>' ✓ '<launch.event_handlers.on_process_exit.OnProcessExit object at 0x7357da6a25c0>'
1734196022.8407867 [INFO] [gzclient-4]: process has finished cleanly [pid 5349]
1734196022.8409588 [DEBUG] [launch.launch_context]: emitting event: 'launch.events.process.ProcessExited'
1734196022.8413026 [DEBUG] [launch]: processing event: '<launch.events.process.process_exited.ProcessExited object at 0x7357db1a0b80>'
1734196022.8413959 [DEBUG] [launch]: processing event: '<launch.events.process.process_exited.ProcessExited object at 0x7357db1a0b80>' ✓ '<launch.event_handlers.on_process_exit.OnProcessExit object at 0x7357da392770>'
1734196022.8414977 [DEBUG] [launch]: processing event: '<launch.events.process.process_exited.ProcessExited object at 0x7357db1a0b80>' ✓ '<launch.event_handlers.on_process_exit.OnProcessExit object at 0x7357da391cf0>'
1734196022.8534172 [INFO] [gzserver-3]: process has finished cleanly [pid 5347]
1734196022.8535497 [DEBUG] [launch.launch_context]: emitting event: 'launch.events.process.ProcessExited'
1734196022.8537710 [DEBUG] [launch]: processing event: '<launch.events.process.process_exited.ProcessExited object at 0x7357da6a23b0>'
1734196022.8538511 [DEBUG] [launch]: processing event: '<launch.events.process.process_exited.ProcessExited object at 0x7357da6a23b0>' ✓ '<launch.event_handlers.on_process_exit.OnProcessExit object at 0x7357da35c4c0>'
1734196022.8539321 [DEBUG] [launch]: processing event: '<launch.events.process.process_exited.ProcessExited object at 0x7357da6a23b0>' ✓ '<launch.event_handlers.on_process_exit.OnProcessExit object at 0x7357da35c160>'
