[0.020s] Invoking command in '/home/ros2_ws/build/robot_description': CMAKE_PREFIX_PATH=/opt/ros/humble /usr/bin/cmake --build /home/ros2_ws/build/robot_description -- -j8 -l8
[0.553s] -- Found ament_cmake: 1.3.10 (/opt/ros/humble/share/ament_cmake/cmake)
[0.697s] -- Found xacro: 2.0.8 (/opt/ros/humble/share/xacro/cmake)
[0.698s] -- Found urdf: 2.6.1 (/opt/ros/humble/share/urdf/cmake)
[0.754s] -- Found rviz2: 11.2.13 (/opt/ros/humble/share/rviz2/cmake)
[0.754s] -- Found ament_lint_auto: 0.12.11 (/opt/ros/humble/share/ament_lint_auto/cmake)
[0.817s] -- Added test 'flake8' to check Python code syntax and style conventions
[0.818s] -- Added test 'lint_cmake' to check CMake code style
[0.819s] -- Added test 'pep257' to check Python code against some of the docstring style conventions in PEP 257
[0.820s] -- Added test 'xmllint' to check XML markup files
[0.822s] -- Configuring done
[0.834s] -- Generating done
[0.835s] -- Build files have been written to: /home/ros2_ws/build/robot_description
[0.892s] Invoked command in '/home/ros2_ws/build/robot_description' returned '0': CMAKE_PREFIX_PATH=/opt/ros/humble /usr/bin/cmake --build /home/ros2_ws/build/robot_description -- -j8 -l8
[0.916s] Invoking command in '/home/ros2_ws/build/robot_description': CMAKE_PREFIX_PATH=/opt/ros/humble /usr/bin/cmake --install /home/ros2_ws/build/robot_description
[0.921s] -- Install configuration: ""
[0.921s] -- Up-to-date: /home/ros2_ws/install/robot_description/share/robot_description/launch
[0.921s] -- Installing: /home/ros2_ws/install/robot_description/share/robot_description/launch/display.launch.py
[0.922s] -- Up-to-date: /home/ros2_ws/install/robot_description/share/robot_description/urdf
[0.922s] -- Installing: /home/ros2_ws/install/robot_description/share/robot_description/urdf/robot_description.xacro
[0.922s] -- Installing: /home/ros2_ws/install/robot_description/share/robot_description/urdf/robot_description.urdf
[0.922s] -- Up-to-date: /home/ros2_ws/install/robot_description/share/robot_description/config
[0.922s] -- Installing: /home/ros2_ws/install/robot_description/share/robot_description/config/link2_inertia.yaml
[0.922s] -- Up-to-date: /home/ros2_ws/install/robot_description/share/robot_description/meshes
[0.922s] -- Up-to-date: /home/ros2_ws/install/robot_description/share/robot_description/meshes/link_5.STL
[0.922s] -- Up-to-date: /home/ros2_ws/install/robot_description/share/robot_description/meshes/link_4.STL
[0.922s] -- Up-to-date: /home/ros2_ws/install/robot_description/share/robot_description/meshes/link_2.STL
[0.922s] -- Up-to-date: /home/ros2_ws/install/robot_description/share/robot_description/meshes/link_3.STL
[0.922s] -- Up-to-date: /home/ros2_ws/install/robot_description/share/robot_description/meshes/base_link.STL
[0.922s] -- Up-to-date: /home/ros2_ws/install/robot_description/share/robot_description/meshes/link_1.STL
[0.922s] -- Up-to-date: /home/ros2_ws/install/robot_description/share/robot_description/rviz2
[0.922s] -- Installing: /home/ros2_ws/install/robot_description/share/robot_description/rviz2/display.rviz
[0.923s] -- Up-to-date: /home/ros2_ws/install/robot_description/share/ament_index/resource_index/package_run_dependencies/robot_description
[0.923s] -- Up-to-date: /home/ros2_ws/install/robot_description/share/ament_index/resource_index/parent_prefix_path/robot_description
[0.923s] -- Up-to-date: /home/ros2_ws/install/robot_description/share/robot_description/environment/ament_prefix_path.sh
[0.923s] -- Installing: /home/ros2_ws/install/robot_description/share/robot_description/environment/ament_prefix_path.dsv
[0.923s] -- Up-to-date: /home/ros2_ws/install/robot_description/share/robot_description/environment/path.sh
[0.923s] -- Installing: /home/ros2_ws/install/robot_description/share/robot_description/environment/path.dsv
[0.923s] -- Up-to-date: /home/ros2_ws/install/robot_description/share/robot_description/local_setup.bash
[0.923s] -- Up-to-date: /home/ros2_ws/install/robot_description/share/robot_description/local_setup.sh
[0.923s] -- Up-to-date: /home/ros2_ws/install/robot_description/share/robot_description/local_setup.zsh
[0.923s] -- Installing: /home/ros2_ws/install/robot_description/share/robot_description/local_setup.dsv
[0.923s] -- Installing: /home/ros2_ws/install/robot_description/share/robot_description/package.dsv
[0.923s] -- Up-to-date: /home/ros2_ws/install/robot_description/share/ament_index/resource_index/packages/robot_description
[0.923s] -- Up-to-date: /home/ros2_ws/install/robot_description/share/robot_description/cmake/robot_descriptionConfig.cmake
[0.923s] -- Up-to-date: /home/ros2_ws/install/robot_description/share/robot_description/cmake/robot_descriptionConfig-version.cmake
[0.923s] -- Installing: /home/ros2_ws/install/robot_description/share/robot_description/package.xml
[0.924s] Invoked command in '/home/ros2_ws/build/robot_description' returned '0': CMAKE_PREFIX_PATH=/opt/ros/humble /usr/bin/cmake --install /home/ros2_ws/build/robot_description
