1733252551.7529824 [INFO] [launch]: All log files can be found below /home/ros2_ws/.ros/log/2024-12-03-16-02-31-752360-sabrina-Inspiron-3501-2776
1733252551.7531281 [INFO] [launch]: Default logging verbosity is set to INFO
1733252551.8275807 [INFO] [robot_state_publisher-1]: process started with pid [2777]
1733252551.8280473 [INFO] [joint_state_publisher-2]: process started with pid [2779]
1733252551.8281891 [INFO] [joint_state_publisher_gui-3]: process started with pid [2781]
1733252551.8282993 [INFO] [rviz2-4]: process started with pid [2783]
1733252552.1343987 [joint_state_publisher_gui-3] QStandardPaths: wrong permissions on runtime directory /tmp/runtime-ros2_ws, 0755 instead of 0700
1733252552.1347885 [joint_state_publisher_gui-3] QStandardPaths: wrong permissions on runtime directory /tmp/runtime-ros2_ws, 0755 instead of 0700
1733252552.1849391 [joint_state_publisher_gui-3] [INFO] [1733252552.184675508] [joint_state_publisher_gui]: Waiting for robot_description to be published on the robot_description topic...
1733252552.1945560 [joint_state_publisher_gui-3] [INFO] [1733252552.194270271] [joint_state_publisher_gui]: Centering
1733252552.1988635 [joint_state_publisher-2] [INFO] [1733252552.198453944] [joint_state_publisher]: Waiting for robot_description to be published on the robot_description topic...
1733252552.2283378 [joint_state_publisher_gui-3] MESA: error: Failed to query drm device.
1733252552.2285731 [joint_state_publisher_gui-3] libGL error: glx: failed to create dri3 screen
1733252552.2286954 [joint_state_publisher_gui-3] libGL error: failed to load driver: iris
1733252552.2678239 [joint_state_publisher_gui-3] [INFO] [1733252552.267547820] [joint_state_publisher_gui]: Centering
1733252591.5482354 [WARNING] [launch]: user interrupted with ctrl-c (SIGINT)
1733252591.5636163 [ERROR] [joint_state_publisher_gui-3]: process has died [pid 2781, exit code -2, cmd '/opt/ros/humble/lib/joint_state_publisher_gui/joint_state_publisher_gui --ros-args -r __node:=joint_state_publisher_gui'].
1733252591.6643255 [INFO] [robot_state_publisher-1]: process has finished cleanly [pid 2777]
1733252591.7011712 [INFO] [joint_state_publisher-2]: process has finished cleanly [pid 2779]
1733252591.7580776 [INFO] [rviz2-4]: process has finished cleanly [pid 2783]
