1733330376.3496711 [INFO] [launch]: All log files can be found below /home/ros2_ws/.ros/log/2024-12-04-13-39-36-349074-sabrina-Inspiron-3501-100
1733330376.3497994 [INFO] [launch]: Default logging verbosity is set to INFO
1733330376.4695587 [INFO] [robot_state_publisher-1]: process started with pid [101]
1733330376.4697161 [INFO] [joint_state_publisher-2]: process started with pid [103]
1733330376.4698327 [INFO] [joint_state_publisher_gui-3]: process started with pid [105]
1733330376.4699214 [INFO] [rviz2-4]: process started with pid [107]
1733330378.6436858 [joint_state_publisher_gui-3] QStandardPaths: wrong permissions on runtime directory /tmp/runtime-ros2_ws, 0755 instead of 0700
1733330378.6440613 [joint_state_publisher_gui-3] QStandardPaths: wrong permissions on runtime directory /tmp/runtime-ros2_ws, 0755 instead of 0700
1733330378.6690581 [joint_state_publisher-2] [INFO] [1733330378.668845096] [joint_state_publisher]: Waiting for robot_description to be published on the robot_description topic...
1733330378.6885529 [joint_state_publisher_gui-3] [INFO] [1733330378.688361549] [joint_state_publisher_gui]: Waiting for robot_description to be published on the robot_description topic...
1733330378.7560365 [joint_state_publisher_gui-3] [INFO] [1733330378.755829837] [joint_state_publisher_gui]: Centering
1733330380.4909101 [joint_state_publisher_gui-3] MESA: error: Failed to query drm device.
1733330380.4933257 [joint_state_publisher_gui-3] libGL error: glx: failed to create dri3 screen
1733330380.4933863 [joint_state_publisher_gui-3] libGL error: failed to load driver: iris
1733330380.6209002 [joint_state_publisher_gui-3] [INFO] [1733330380.620642480] [joint_state_publisher_gui]: Centering
1733330590.9371812 [WARNING] [launch]: user interrupted with ctrl-c (SIGINT)
1733330590.9521272 [ERROR] [joint_state_publisher_gui-3]: process has died [pid 105, exit code -2, cmd '/opt/ros/humble/lib/joint_state_publisher_gui/joint_state_publisher_gui --ros-args -r __node:=joint_state_publisher_gui'].
1733330591.0555718 [INFO] [robot_state_publisher-1]: process has finished cleanly [pid 101]
1733330591.1312330 [INFO] [joint_state_publisher-2]: process has finished cleanly [pid 103]
1733330591.1920021 [INFO] [rviz2-4]: process has finished cleanly [pid 107]
