[0.009s] Invoking command in '/home/ros2_ws/build/robot_description': CMAKE_PREFIX_PATH=/opt/ros/humble /usr/bin/cmake --build /home/ros2_ws/build/robot_description -- -j8 -l8
[0.044s] Invoked command in '/home/ros2_ws/build/robot_description' returned '0': CMAKE_PREFIX_PATH=/opt/ros/humble /usr/bin/cmake --build /home/ros2_ws/build/robot_description -- -j8 -l8
[0.077s] Invoking command in '/home/ros2_ws/build/robot_description': CMAKE_PREFIX_PATH=/opt/ros/humble /usr/bin/cmake --install /home/ros2_ws/build/robot_description
[0.083s] -- Install configuration: ""
[0.083s] -- Up-to-date: /home/ros2_ws/install/robot_description/share/robot_description/launch
[0.083s] -- Up-to-date: /home/ros2_ws/install/robot_description/share/robot_description/launch/gazebo.launch.py
[0.084s] -- Up-to-date: /home/ros2_ws/install/robot_description/share/robot_description/launch/display.launch.py
[0.084s] -- Up-to-date: /home/ros2_ws/install/robot_description/share/robot_description/urdf
[0.084s] -- Up-to-date: /home/ros2_ws/install/robot_description/share/robot_description/urdf/gazebo.xacro
[0.084s] -- Up-to-date: /home/ros2_ws/install/robot_description/share/robot_description/urdf/robot_description.xacro
[0.084s] -- Up-to-date: /home/ros2_ws/install/robot_description/share/robot_description/urdf/soldador.control.xacro
[0.084s] -- Up-to-date: /home/ros2_ws/install/robot_description/share/robot_description/urdf/robot_description.urdf
[0.084s] -- Up-to-date: /home/ros2_ws/install/robot_description/share/robot_description/urdf/soldador.trans
[0.084s] -- Up-to-date: /home/ros2_ws/install/robot_description/share/robot_description/config
[0.085s] -- Up-to-date: /home/ros2_ws/install/robot_description/share/robot_description/config/link2_inertia.yaml
[0.085s] -- Up-to-date: /home/ros2_ws/install/robot_description/share/robot_description/config/controllers.yaml
[0.085s] -- Up-to-date: /home/ros2_ws/install/robot_description/share/robot_description/meshes
[0.085s] -- Up-to-date: /home/ros2_ws/install/robot_description/share/robot_description/meshes/Base.stl
[0.085s] -- Up-to-date: /home/ros2_ws/install/robot_description/share/robot_description/meshes/FusoDeRosca.stl
[0.085s] -- Up-to-date: /home/ros2_ws/install/robot_description/share/robot_description/meshes/Motor1.stl
[0.085s] -- Up-to-date: /home/ros2_ws/install/robot_description/share/robot_description/meshes/Estrutura2.stl
[0.085s] -- Up-to-date: /home/ros2_ws/install/robot_description/share/robot_description/meshes/Motor2.stl
[0.085s] -- Up-to-date: /home/ros2_ws/install/robot_description/share/robot_description/meshes/Bucha2.stl
[0.085s] -- Up-to-date: /home/ros2_ws/install/robot_description/share/robot_description/meshes/Estrutura3.stl
[0.086s] -- Up-to-date: /home/ros2_ws/install/robot_description/share/robot_description/meshes/Asm1.stl
[0.086s] -- Up-to-date: /home/ros2_ws/install/robot_description/share/robot_description/meshes/Bucha1.stl
[0.086s] -- Up-to-date: /home/ros2_ws/install/robot_description/share/robot_description/meshes/TampaLinkP.stl
[0.086s] -- Up-to-date: /home/ros2_ws/install/robot_description/share/robot_description/meshes/Estrutura1.stl
[0.086s] -- Up-to-date: /home/ros2_ws/install/robot_description/share/robot_description/meshes/Engrenagem1.stl
[0.086s] -- Up-to-date: /home/ros2_ws/install/robot_description/share/robot_description/meshes/TampaLink2.stl
[0.086s] -- Up-to-date: /home/ros2_ws/install/robot_description/share/robot_description/meshes/Engrenagem2.stl
[0.086s] -- Up-to-date: /home/ros2_ws/install/robot_description/share/robot_description/rviz2
[0.086s] -- Up-to-date: /home/ros2_ws/install/robot_description/share/robot_description/rviz2/display.rviz
[0.086s] -- Up-to-date: /home/ros2_ws/install/robot_description/share/ament_index/resource_index/package_run_dependencies/robot_description
[0.086s] -- Up-to-date: /home/ros2_ws/install/robot_description/share/ament_index/resource_index/parent_prefix_path/robot_description
[0.086s] -- Up-to-date: /home/ros2_ws/install/robot_description/share/robot_description/environment/ament_prefix_path.sh
[0.086s] -- Up-to-date: /home/ros2_ws/install/robot_description/share/robot_description/environment/ament_prefix_path.dsv
[0.086s] -- Up-to-date: /home/ros2_ws/install/robot_description/share/robot_description/environment/path.sh
[0.087s] -- Up-to-date: /home/ros2_ws/install/robot_description/share/robot_description/environment/path.dsv
[0.087s] -- Up-to-date: /home/ros2_ws/install/robot_description/share/robot_description/local_setup.bash
[0.087s] -- Up-to-date: /home/ros2_ws/install/robot_description/share/robot_description/local_setup.sh
[0.087s] -- Up-to-date: /home/ros2_ws/install/robot_description/share/robot_description/local_setup.zsh
[0.087s] -- Up-to-date: /home/ros2_ws/install/robot_description/share/robot_description/local_setup.dsv
[0.087s] -- Installing: /home/ros2_ws/install/robot_description/share/robot_description/package.dsv
[0.087s] -- Up-to-date: /home/ros2_ws/install/robot_description/share/ament_index/resource_index/packages/robot_description
[0.087s] -- Up-to-date: /home/ros2_ws/install/robot_description/share/robot_description/cmake/robot_descriptionConfig.cmake
[0.087s] -- Up-to-date: /home/ros2_ws/install/robot_description/share/robot_description/cmake/robot_descriptionConfig-version.cmake
[0.087s] -- Up-to-date: /home/ros2_ws/install/robot_description/share/robot_description/package.xml
[0.088s] Invoked command in '/home/ros2_ws/build/robot_description' returned '0': CMAKE_PREFIX_PATH=/opt/ros/humble /usr/bin/cmake --install /home/ros2_ws/build/robot_description
