1734114256.7553709 [INFO] [launch]: All log files can be found below /home/ros2_ws/.ros/log/2024-12-13-15-24-16-754850-sabrina-Inspiron-3501-138
1734114256.7555077 [INFO] [launch]: Default logging verbosity is set to INFO
1734114256.8822165 [INFO] [robot_state_publisher-1]: process started with pid [139]
1734114256.8824074 [INFO] [joint_state_publisher-2]: process started with pid [141]
1734114256.8825221 [INFO] [joint_state_publisher_gui-3]: process started with pid [143]
1734114256.8826168 [INFO] [rviz2-4]: process started with pid [145]
1734114258.7965674 [joint_state_publisher_gui-3] QStandardPaths: wrong permissions on runtime directory /tmp/runtime-ros2_ws, 0755 instead of 0700
1734114258.7971590 [joint_state_publisher_gui-3] QStandardPaths: wrong permissions on runtime directory /tmp/runtime-ros2_ws, 0755 instead of 0700
1734114258.8390617 [joint_state_publisher-2] [INFO] [1734114258.838805266] [joint_state_publisher]: Waiting for robot_description to be published on the robot_description topic...
1734114258.8559761 [joint_state_publisher_gui-3] [INFO] [1734114258.855744030] [joint_state_publisher_gui]: Waiting for robot_description to be published on the robot_description topic...
1734114258.9892604 [joint_state_publisher_gui-3] [INFO] [1734114258.988805673] [joint_state_publisher_gui]: Centering
1734114260.7529261 [joint_state_publisher_gui-3] [INFO] [1734114260.752443828] [joint_state_publisher_gui]: Centering
1734114869.9204197 [joint_state_publisher_gui-3] [INFO] [1734114869.919842384] [joint_state_publisher_gui]: Centering
1734114951.8843191 [joint_state_publisher_gui-3] [INFO] [1734114951.883833543] [joint_state_publisher_gui]: Centering
1734114983.4046845 [joint_state_publisher_gui-3] [INFO] [1734114983.404231955] [joint_state_publisher_gui]: Centering
1734115187.2262120 [joint_state_publisher_gui-3] [INFO] [1734115187.225690356] [joint_state_publisher_gui]: Centering
1734115200.7039826 [joint_state_publisher_gui-3] [INFO] [1734115200.703652906] [joint_state_publisher_gui]: Centering
1734115217.8193994 [joint_state_publisher_gui-3] [INFO] [1734115217.819148389] [joint_state_publisher_gui]: Centering
1734115232.5971589 [joint_state_publisher_gui-3] [INFO] [1734115232.596675468] [joint_state_publisher_gui]: Centering
1734115336.2964485 [joint_state_publisher_gui-3] [INFO] [1734115336.296185572] [joint_state_publisher_gui]: Centering
1734115404.2924273 [joint_state_publisher_gui-3] [INFO] [1734115404.292085302] [joint_state_publisher_gui]: Centering
1734115431.7655480 [joint_state_publisher_gui-3] [INFO] [1734115431.765259006] [joint_state_publisher_gui]: Centering
1734115690.8570697 [joint_state_publisher_gui-3] [INFO] [1734115690.856576184] [joint_state_publisher_gui]: Centering
1734115771.4515321 [joint_state_publisher_gui-3] [INFO] [1734115771.450172104] [joint_state_publisher_gui]: Centering
1734116322.5887830 [WARNING] [launch]: user interrupted with ctrl-c (SIGINT)
1734116322.6142375 [ERROR] [joint_state_publisher_gui-3]: process has died [pid 143, exit code -2, cmd '/opt/ros/humble/lib/joint_state_publisher_gui/joint_state_publisher_gui --ros-args -r __node:=joint_state_publisher_gui'].
1734116322.7218058 [INFO] [robot_state_publisher-1]: process has finished cleanly [pid 139]
1734116322.8378987 [INFO] [joint_state_publisher-2]: process has finished cleanly [pid 141]
1734116322.8979251 [INFO] [rviz2-4]: process has finished cleanly [pid 145]
