1733330758.1697927 [INFO] [launch]: All log files can be found below /home/ros2_ws/.ros/log/2024-12-04-13-45-58-169224-sabrina-Inspiron-3501-901
1733330758.1699185 [INFO] [launch]: Default logging verbosity is set to INFO
1733330758.2405984 [INFO] [robot_state_publisher-1]: process started with pid [902]
1733330758.2409940 [INFO] [joint_state_publisher-2]: process started with pid [904]
1733330758.2411106 [INFO] [joint_state_publisher_gui-3]: process started with pid [906]
1733330758.2411914 [INFO] [rviz2-4]: process started with pid [908]
1733330758.4904509 [joint_state_publisher-2] [INFO] [1733330758.490218333] [joint_state_publisher]: Waiting for robot_description to be published on the robot_description topic...
1733330758.5254564 [joint_state_publisher_gui-3] QStandardPaths: wrong permissions on runtime directory /tmp/runtime-ros2_ws, 0755 instead of 0700
1733330758.5257967 [joint_state_publisher_gui-3] QStandardPaths: wrong permissions on runtime directory /tmp/runtime-ros2_ws, 0755 instead of 0700
1733330758.5706458 [joint_state_publisher_gui-3] [INFO] [1733330758.570406658] [joint_state_publisher_gui]: Waiting for robot_description to be published on the robot_description topic...
1733330758.5781410 [joint_state_publisher_gui-3] [INFO] [1733330758.577922231] [joint_state_publisher_gui]: Centering
1733330758.5999963 [joint_state_publisher_gui-3] MESA: error: Failed to query drm device.
1733330758.6001530 [joint_state_publisher_gui-3] libGL error: glx: failed to create dri3 screen
1733330758.6002223 [joint_state_publisher_gui-3] libGL error: failed to load driver: iris
1733330758.6257071 [joint_state_publisher_gui-3] [INFO] [1733330758.625492509] [joint_state_publisher_gui]: Centering
1733331195.1069727 [WARNING] [launch]: user interrupted with ctrl-c (SIGINT)
1733331195.1147592 [ERROR] [joint_state_publisher_gui-3]: process has died [pid 906, exit code -2, cmd '/opt/ros/humble/lib/joint_state_publisher_gui/joint_state_publisher_gui --ros-args -r __node:=joint_state_publisher_gui'].
1733331195.2141225 [INFO] [robot_state_publisher-1]: process has finished cleanly [pid 902]
1733331195.2445209 [INFO] [joint_state_publisher-2]: process has finished cleanly [pid 904]
1733331195.3274992 [INFO] [rviz2-4]: process has finished cleanly [pid 908]
