-- Install configuration: ""
-- Up-to-date: /home/ros2_ws/install/robot_description/share/robot_description/launch
-- Up-to-date: /home/ros2_ws/install/robot_description/share/robot_description/launch/gazebo.launch.py
-- Up-to-date: /home/ros2_ws/install/robot_description/share/robot_description/launch/display.launch.py
-- Up-to-date: /home/ros2_ws/install/robot_description/share/robot_description/urdf
-- Up-to-date: /home/ros2_ws/install/robot_description/share/robot_description/urdf/gazebo.xacro
-- Installing: /home/ros2_ws/install/robot_description/share/robot_description/urdf/robot_description.xacro
-- Up-to-date: /home/ros2_ws/install/robot_description/share/robot_description/urdf/soldador.control.xacro
-- Up-to-date: /home/ros2_ws/install/robot_description/share/robot_description/urdf/robot_description.urdf
-- Installing: /home/ros2_ws/install/robot_description/share/robot_description/urdf/soldador.trans
-- Up-to-date: /home/ros2_ws/install/robot_description/share/robot_description/config
-- Up-to-date: /home/ros2_ws/install/robot_description/share/robot_description/config/link2_inertia.yaml
-- Up-to-date: /home/ros2_ws/install/robot_description/share/robot_description/config/controllers.yaml
-- Up-to-date: /home/ros2_ws/install/robot_description/share/robot_description/meshes
-- Up-to-date: /home/ros2_ws/install/robot_description/share/robot_description/meshes/Base.stl
-- Up-to-date: /home/ros2_ws/install/robot_description/share/robot_description/meshes/FusoDeRosca.stl
-- Up-to-date: /home/ros2_ws/install/robot_description/share/robot_description/meshes/Motor1.stl
-- Up-to-date: /home/ros2_ws/install/robot_description/share/robot_description/meshes/Estrutura2.stl
-- Up-to-date: /home/ros2_ws/install/robot_description/share/robot_description/meshes/Motor2.stl
-- Up-to-date: /home/ros2_ws/install/robot_description/share/robot_description/meshes/Bucha2.stl
-- Up-to-date: /home/ros2_ws/install/robot_description/share/robot_description/meshes/Estrutura3.stl
-- Up-to-date: /home/ros2_ws/install/robot_description/share/robot_description/meshes/Asm1.stl
-- Up-to-date: /home/ros2_ws/install/robot_description/share/robot_description/meshes/Bucha1.stl
-- Up-to-date: /home/ros2_ws/install/robot_description/share/robot_description/meshes/TampaLinkP.stl
-- Up-to-date: /home/ros2_ws/install/robot_description/share/robot_description/meshes/Estrutura1.stl
-- Up-to-date: /home/ros2_ws/install/robot_description/share/robot_description/meshes/Engrenagem1.stl
-- Up-to-date: /home/ros2_ws/install/robot_description/share/robot_description/meshes/TampaLink2.stl
-- Up-to-date: /home/ros2_ws/install/robot_description/share/robot_description/meshes/Engrenagem2.stl
-- Up-to-date: /home/ros2_ws/install/robot_description/share/robot_description/rviz2
-- Up-to-date: /home/ros2_ws/install/robot_description/share/robot_description/rviz2/display.rviz
-- Up-to-date: /home/ros2_ws/install/robot_description/share/ament_index/resource_index/package_run_dependencies/robot_description
-- Up-to-date: /home/ros2_ws/install/robot_description/share/ament_index/resource_index/parent_prefix_path/robot_description
-- Up-to-date: /home/ros2_ws/install/robot_description/share/robot_description/environment/ament_prefix_path.sh
-- Up-to-date: /home/ros2_ws/install/robot_description/share/robot_description/environment/ament_prefix_path.dsv
-- Up-to-date: /home/ros2_ws/install/robot_description/share/robot_description/environment/path.sh
-- Up-to-date: /home/ros2_ws/install/robot_description/share/robot_description/environment/path.dsv
-- Up-to-date: /home/ros2_ws/install/robot_description/share/robot_description/local_setup.bash
-- Up-to-date: /home/ros2_ws/install/robot_description/share/robot_description/local_setup.sh
-- Up-to-date: /home/ros2_ws/install/robot_description/share/robot_description/local_setup.zsh
-- Up-to-date: /home/ros2_ws/install/robot_description/share/robot_description/local_setup.dsv
-- Installing: /home/ros2_ws/install/robot_description/share/robot_description/package.dsv
-- Up-to-date: /home/ros2_ws/install/robot_description/share/ament_index/resource_index/packages/robot_description
-- Up-to-date: /home/ros2_ws/install/robot_description/share/robot_description/cmake/robot_descriptionConfig.cmake
-- Up-to-date: /home/ros2_ws/install/robot_description/share/robot_description/cmake/robot_descriptionConfig-version.cmake
-- Up-to-date: /home/ros2_ws/install/robot_description/share/robot_description/package.xml
