1733330677.4520695 [INFO] [launch]: All log files can be found below /home/ros2_ws/.ros/log/2024-12-04-13-44-37-451498-sabrina-Inspiron-3501-514
1733330677.4521766 [INFO] [launch]: Default logging verbosity is set to INFO
1733330677.5224965 [INFO] [robot_state_publisher-1]: process started with pid [515]
1733330677.5226994 [INFO] [joint_state_publisher-2]: process started with pid [517]
1733330677.5228014 [INFO] [joint_state_publisher_gui-3]: process started with pid [519]
1733330677.5228763 [INFO] [rviz2-4]: process started with pid [521]
1733330677.7693937 [joint_state_publisher_gui-3] QStandardPaths: wrong permissions on runtime directory /tmp/runtime-ros2_ws, 0755 instead of 0700
1733330677.7696936 [joint_state_publisher_gui-3] QStandardPaths: wrong permissions on runtime directory /tmp/runtime-ros2_ws, 0755 instead of 0700
1733330677.8194144 [joint_state_publisher-2] [INFO] [1733330677.819134209] [joint_state_publisher]: Waiting for robot_description to be published on the robot_description topic...
1733330677.8304157 [joint_state_publisher_gui-3] [INFO] [1733330677.830152288] [joint_state_publisher_gui]: Waiting for robot_description to be published on the robot_description topic...
1733330677.8392961 [joint_state_publisher_gui-3] [INFO] [1733330677.839080133] [joint_state_publisher_gui]: Centering
1733330677.8688946 [joint_state_publisher_gui-3] MESA: error: Failed to query drm device.
1733330677.8690336 [joint_state_publisher_gui-3] libGL error: glx: failed to create dri3 screen
1733330677.8690877 [joint_state_publisher_gui-3] libGL error: failed to load driver: iris
1733330677.8960636 [joint_state_publisher_gui-3] [INFO] [1733330677.895820342] [joint_state_publisher_gui]: Centering
1733330680.0459521 [INFO] [rviz2-4]: process has finished cleanly [pid 521]
1733330682.5388217 [WARNING] [launch]: user interrupted with ctrl-c (SIGINT)
1733330682.5478132 [ERROR] [joint_state_publisher_gui-3]: process has died [pid 519, exit code -2, cmd '/opt/ros/humble/lib/joint_state_publisher_gui/joint_state_publisher_gui --ros-args -r __node:=joint_state_publisher_gui'].
1733330682.6493552 [INFO] [robot_state_publisher-1]: process has finished cleanly [pid 515]
1733330682.6816137 [INFO] [joint_state_publisher-2]: process has finished cleanly [pid 517]
